[2025-04-12 18:50:48.393248]
COMMAND: sudo apt update
DESCRIPTION: Update package list to reflect latest available packages
STATUS: ❌ FAILED
OUTPUT:
WARNING: apt does not have a stable CLI interface. Use with caution in scripts.

E: The repository 'https://repo.mongodb.org/apt/ubuntu noble/mongodb-org/6.0 Release' does not have a Release file.
E: The repository 'https://repo.mongodb.org/apt/ubuntu noble/mongodb-org/7.0 Release' does not have a Release file.
------------------------------------------------------------
[2025-04-12 18:52:30.101952]
COMMAND: sudo apt full-upgrade
DESCRIPTION: Upgrade outdated packages to latest available versions
STATUS: ❌ FAILED
OUTPUT:
WARNING: apt does not have a stable CLI interface. Use with caution in scripts.
------------------------------------------------------------
[2025-04-12 18:52:30.514285]
COMMAND: sudo apt-get install libpam-oauth
DESCRIPTION: 
STATUS: ❌ FAILED
OUTPUT:
E: Unable to locate package libpam-oauth
------------------------------------------------------------
[2025-04-12 18:56:05.034617]
COMMAND: sudo apt update
DESCRIPTION: Update package list to reflect latest available packages
STATUS: ❌ FAILED
OUTPUT:
WARNING: apt does not have a stable CLI interface. Use with caution in scripts.

E: The repository 'https://repo.mongodb.org/apt/ubuntu noble/mongodb-org/6.0 Release' does not have a Release file.
E: The repository 'https://repo.mongodb.org/apt/ubuntu noble/mongodb-org/7.0 Release' does not have a Release file.
------------------------------------------------------------
[2025-04-12 19:09:50.704236]
COMMAND: sudo apt full-upgrade
DESCRIPTION: Upgrade outdated packages to latest available versions
STATUS: ✅ SUCCESS
OUTPUT:
Reading package lists...
Building dependency tree...
Reading state information...
Calculating upgrade...
The following packages were automatically installed and are no longer required:
  libllvm17t64 python3-netifaces
Use 'sudo apt autoremove' to remove them.
The following NEW packages will be installed:
  libmalcontent-0-0
The following upgrades have been deferred due to phasing:
  ubuntu-drivers-common
The following packages will be upgraded:
  acl alsa-ucm-conf apparmor apport apport-core-dump-handler apport-gtk
  base-files bluez bluez-cups bluez-obexd bpftrace cloud-init code
  cups-browsed distro-info-data dmidecode dmsetup dns-root-data dracut-install
  evince evince-common fonts-noto-color-emoji fwupd gdm3 gir1.2-gdm-1.0
  gir1.2-gnomebluetooth-3.0 gir1.2-gtk-3.0 gir1.2-gtk-4.0 gir1.2-mutter-14
  gir1.2-nm-1.0 gir1.2-packagekitglib-1.0 gir1.2-polkit-1.0 gir1.2-soup-3.0
  gir1.2-udisks-2.0 gnome-bluetooth-3-common gnome-bluetooth-sendto
  gnome-calendar gnome-control-center gnome-control-center-data
  gnome-control-center-faces gnome-initial-setup gnome-shell
  gnome-shell-common gnome-shell-extension-appindicator
  gnome-shell-extension-desktop-icons-ng gnome-shell-extension-ubuntu-dock
  gstreamer1.0-packagekit gstreamer1.0-pipewire gtk-update-icon-cache
  initramfs-tools initramfs-tools-bin initramfs-tools-core kmod
  language-pack-en language-pack-en-base language-pack-gnome-en
  language-pack-gnome-en-base ldap-utils libacl1 libapparmor1 libattr1
  libaudit-common libaudit1 libbluetooth3 libboost-iostreams1.83.0
  libboost-locale1.83.0 libboost-thread1.83.0 libcryptsetup12
  libdevmapper1.02.1 libevdocument3-4t64 libevview3-3t64 libfprint-2-2
  libfprint-2-tod1 libfwupd2 libgdm1 libgmp10 libgnome-bluetooth-3.0-13
  libgnome-bluetooth-ui-3.0-13 libgpg-error-l10n libgpg-error0 libgtk-3-0t64
  libgtk-3-bin libgtk-3-common libgtk-4-1 libgtk-4-bin libgtk-4-common
  libgtk-4-media-gstreamer libinput-bin libinput10 libipa-hbac0t64 libisl23
  libkmod2 libldap-common libldap2 libmpc3 libmpfr6 libmutter-14-0
  libnautilus-extension4 libnetplan1 libnfsidmap1 libnghttp2-14 libnm0
  libnss-sss libnss-systemd libnvme1t64 libpackagekit-glib2-18 libpam-sss
  libpam-systemd libperl5.38t64 libpipewire-0.3-0t64 libpipewire-0.3-common
  libpipewire-0.3-modules libplymouth5 libpolkit-agent-1-0
  libpolkit-gobject-1-0 libproc2-0 libpulse-mainloop-glib0 libpulse0
  libsnmp-base libsnmp40t64 libsoup-2.4-1 libsoup-3.0-0 libsoup-3.0-common
  libsoup2.4-common libspa-0.2-bluetooth libspa-0.2-modules libspeex1
  libsqlite3-0 libsss-certmap0 libsss-idmap0 libsss-nss-idmap0
  libsystemd-shared libsystemd0 libudev1 libudisks2-0 libunwind8 linux-base
  login lp-solve mongodb-database-tools mongodb-mongosh mongodb-org
  mongodb-org-database mongodb-org-database-tools-extra mongodb-org-mongos
  mongodb-org-server mongodb-org-shell mongodb-org-tools mtr-tiny
  mutter-common mutter-common-bin nautilus nautilus-data netplan-generator
  netplan.io network-manager network-manager-config-connectivity-ubuntu
  openssh-client packagekit packagekit-tools passwd pci.ids perl perl-base
  perl-modules-5.38 pipewire pipewire-alsa pipewire-audio pipewire-bin
  pipewire-pulse pkexec plymouth plymouth-label plymouth-theme-spinner
  plymouth-theme-ubuntu-text policykit-1 polkitd procps python-apt-common
  python3-apport python3-apt python3-distupgrade python3-netplan
  python3-paramiko python3-problem-report python3-software-properties
  python3-sss python3-update-manager rsyslog shotwell shotwell-common snapd
  software-properties-common software-properties-gtk sssd sssd-ad
  sssd-ad-common sssd-common sssd-ipa sssd-krb5 sssd-krb5-common sssd-ldap
  sssd-proxy systemd systemd-dev systemd-hwe-hwdb systemd-oomd
  systemd-resolved systemd-sysv systemd-timesyncd thermald ubuntu-desktop
  ubuntu-desktop-minimal ubuntu-kernel-accessories ubuntu-minimal
  ubuntu-pro-client ubuntu-pro-client-l10n ubuntu-release-upgrader-core
  ubuntu-release-upgrader-gtk ubuntu-settings ubuntu-standard udev udisks2
  update-manager update-manager-core update-notifier update-notifier-common
  xdg-desktop-portal xserver-common xserver-xephyr xserver-xorg-core
  xserver-xorg-legacy zip
233 upgraded, 1 newly installed, 0 to remove and 1 not upgraded.
5 standard LTS security updates
Need to get 96.6 MB/412 MB of archives.
After this operation, 28.1 MB disk space will be freed.
Do you want to continue? [Y/n] Get:1 http://in.archive.ubuntu.com/ubuntu noble-updates/main amd64 update-manager all 1:24.04.9 [554 kB]
Get:2 http://in.archive.ubuntu.com/ubuntu noble-updates/main amd64 update-manager-core all 1:24.04.9 [11.6 kB]
Get:3 http://in.archive.ubuntu.com/ubuntu noble-updates/main amd64 libproc2-0 amd64 2:4.0.4-4ubuntu3.2 [59.5 kB]
Get:4 http://in.archive.ubuntu.com/ubuntu noble-updates/main amd64 procps amd64 2:4.0.4-4ubuntu3.2 [707 kB]
Get:5 http://in.archive.ubuntu.com/ubuntu noble-updates/main amd64 libgtk-3-common all 3.24.41-4ubuntu1.2 [1,202 kB]
Get:6 http://in.archive.ubuntu.com/ubuntu noble-updates/main amd64 libgtk-3-0t64 amd64 3.24.41-4ubuntu1.2 [2,901 kB]
Get:7 http://in.archive.ubuntu.com/ubuntu noble-updates/main amd64 gir1.2-gtk-3.0 amd64 3.24.41-4ubuntu1.2 [245 kB]
Get:8 http://in.archive.ubuntu.com/ubuntu noble-updates/main amd64 gir1.2-mutter-14 amd64 46.2-1ubuntu0.24.04.7 [131 kB]
Get:9 http://in.archive.ubuntu.com/ubuntu noble-updates/main amd64 mutter-common all 46.2-1ubuntu0.24.04.7 [49.7 kB]
Get:10 http://in.archive.ubuntu.com/ubuntu noble-updates/main amd64 libgtk-4-common all 4.14.2+ds-1ubuntu2 [1,496 kB]
Get:11 http://in.archive.ubuntu.com/ubuntu noble-updates/main amd64 libgtk-4-1 amd64 4.14.2+ds-1ubuntu2 [3,288 kB]
Get:12 http://in.archive.ubuntu.com/ubuntu noble-updates/main amd64 libmutter-14-0 amd64 46.2-1ubuntu0.24.04.7 [1,391 kB]
Get:13 http://in.archive.ubuntu.com/ubuntu noble-updates/main amd64 mutter-common-bin amd64 46.2-1ubuntu0.24.04.7 [52.9 kB]
Get:14 http://in.archive.ubuntu.com/ubuntu noble-updates/main amd64 libinput-bin amd64 1.25.0-1ubuntu3 [22.4 kB]
Get:15 http://in.archive.ubuntu.com/ubuntu noble-updates/main amd64 libinput10 amd64 1.25.0-1ubuntu3 [133 kB]
Get:16 http://in.archive.ubuntu.com/ubuntu noble-updates/main amd64 pipewire-pulse amd64 1.0.5-1ubuntu3 [8,450 B]
Get:17 http://in.archive.ubuntu.com/ubuntu noble-updates/main amd64 libpulse-mainloop-glib0 amd64 1:16.1+dfsg1-2ubuntu10.1 [12.2 kB]
Get:18 http://in.archive.ubuntu.com/ubuntu noble-updates/main amd64 libpulse0 amd64 1:16.1+dfsg1-2ubuntu10.1 [292 kB]
Get:19 http://in.archive.ubuntu.com/ubuntu noble-updates/main amd64 gstreamer1.0-pipewire amd64 1.0.5-1ubuntu3 [49.5 kB]
Get:20 http://in.archive.ubuntu.com/ubuntu noble-updates/main amd64 pipewire-bin amd64 1.0.5-1ubuntu3 [365 kB]
Get:21 http://in.archive.ubuntu.com/ubuntu noble-updates/main amd64 pipewire-alsa amd64 1.0.5-1ubuntu3 [48.5 kB]
Get:22 http://in.archive.ubuntu.com/ubuntu noble-updates/main amd64 libpipewire-0.3-0t64 amd64 1.0.5-1ubuntu3 [252 kB]
Get:23 http://in.archive.ubuntu.com/ubuntu noble-updates/main amd64 libspa-0.2-bluetooth amd64 1.0.5-1ubuntu3 [330 kB]
Get:24 http://in.archive.ubuntu.com/ubuntu noble-updates/main amd64 libspa-0.2-modules amd64 1.0.5-1ubuntu3 [626 kB]
Get:25 http://in.archive.ubuntu.com/ubuntu noble-updates/main amd64 pipewire amd64 1.0.5-1ubuntu3 [90.1 kB]
Get:26 http://in.archive.ubuntu.com/ubuntu noble-updates/main amd64 libpipewire-0.3-modules amd64 1.0.5-1ubuntu3 [814 kB]
Get:27 http://in.archive.ubuntu.com/ubuntu noble-updates/main amd64 libbluetooth3 amd64 5.72-0ubuntu5.1 [85.1 kB]
Get:28 http://in.archive.ubuntu.com/ubuntu noble-updates/main amd64 gnome-control-center-data all 1:46.5-0ubuntu0.24.04.1 [164 kB]
Get:29 http://in.archive.ubuntu.com/ubuntu noble-updates/main amd64 gnome-control-center amd64 1:46.5-0ubuntu0.24.04.1 [5,012 kB]
Get:30 http://in.archive.ubuntu.com/ubuntu noble-updates/main amd64 gir1.2-gnomebluetooth-3.0 amd64 46.0-1ubuntu1 [3,998 B]
Get:31 http://in.archive.ubuntu.com/ubuntu noble-updates/main amd64 gnome-shell amd64 46.0-0ubuntu6~24.04.8 [955 kB]
Get:32 http://in.archive.ubuntu.com/ubuntu noble-updates/main amd64 gnome-shell-common all 46.0-0ubuntu6~24.04.8 [248 kB]
Get:33 http://in.archive.ubuntu.com/ubuntu noble-updates/main amd64 libgtk-4-media-gstreamer amd64 4.14.2+ds-1ubuntu2 [67.7 kB]
Get:34 http://in.archive.ubuntu.com/ubuntu noble-updates/main amd64 libgnome-bluetooth-ui-3.0-13 amd64 46.0-1ubuntu1 [59.8 kB]
Get:35 http://in.archive.ubuntu.com/ubuntu noble-updates/main amd64 libmalcontent-0-0 amd64 0.11.1-1ubuntu1.1 [22.3 kB]
Get:36 http://in.archive.ubuntu.com/ubuntu noble-updates/main amd64 netplan-generator amd64 1.1.1-1~ubuntu24.04.1 [60.8 kB]
Get:37 http://in.archive.ubuntu.com/ubuntu noble-updates/main amd64 python3-netplan amd64 1.1.1-1~ubuntu24.04.1 [24.3 kB]
Get:38 http://in.archive.ubuntu.com/ubuntu noble-updates/main amd64 passwd amd64 1:4.13+dfsg1-4ubuntu3.2 [845 kB]
Get:39 http://in.archive.ubuntu.com/ubuntu noble-updates/main amd64 ubuntu-minimal amd64 1.539.2 [11.1 kB]
Get:40 http://in.archive.ubuntu.com/ubuntu noble-updates/main amd64 dracut-install amd64 060+5-1ubuntu3.3 [32.3 kB]
Get:41 http://in.archive.ubuntu.com/ubuntu noble-updates/main amd64 initramfs-tools all 0.142ubuntu25.5 [9,060 B]
Get:42 http://in.archive.ubuntu.com/ubuntu noble-updates/main amd64 initramfs-tools-core all 0.142ubuntu25.5 [50.5 kB]
Get:43 http://in.archive.ubuntu.com/ubuntu noble-updates/main amd64 initramfs-tools-bin amd64 0.142ubuntu25.5 [21.5 kB]
Get:44 http://in.archive.ubuntu.com/ubuntu noble-updates/main amd64 linux-base all 4.5ubuntu9+24.04.1 [18.1 kB]
Get:45 http://in.archive.ubuntu.com/ubuntu noble-updates/main amd64 netplan.io amd64 1.1.1-1~ubuntu24.04.1 [68.5 kB]
Get:46 http://in.archive.ubuntu.com/ubuntu noble-updates/main amd64 libnetplan1 amd64 1.1.1-1~ubuntu24.04.1 [131 kB]
Get:47 http://in.archive.ubuntu.com/ubuntu noble-updates/main amd64 pkexec amd64 124-2ubuntu1.24.04.2 [15.9 kB]
Get:48 http://in.archive.ubuntu.com/ubuntu noble-updates/main amd64 polkitd amd64 124-2ubuntu1.24.04.2 [95.2 kB]
Get:49 http://in.archive.ubuntu.com/ubuntu noble-updates/main amd64 gir1.2-polkit-1.0 amd64 124-2ubuntu1.24.04.2 [8,928 B]
Get:50 http://in.archive.ubuntu.com/ubuntu noble-updates/main amd64 libpolkit-agent-1-0 amd64 124-2ubuntu1.24.04.2 [17.4 kB]
Get:51 http://in.archive.ubuntu.com/ubuntu noble-updates/main amd64 libpolkit-gobject-1-0 amd64 124-2ubuntu1.24.04.2 [49.1 kB]
Get:52 http://in.archive.ubuntu.com/ubuntu noble-updates/main amd64 policykit-1 amd64 124-2ubuntu1.24.04.2 [3,524 B]
Get:53 http://in.archive.ubuntu.com/ubuntu noble-updates/main amd64 network-manager amd64 1.46.0-1ubuntu2.2 [2,329 kB]
Get:54 http://in.archive.ubuntu.com/ubuntu noble-updates/main amd64 libnm0 amd64 1.46.0-1ubuntu2.2 [480 kB]
Get:55 http://in.archive.ubuntu.com/ubuntu noble-updates/main amd64 libnghttp2-14 amd64 1.59.0-1ubuntu0.2 [74.3 kB]
Get:56 http://in.archive.ubuntu.com/ubuntu noble-updates/main amd64 libsqlite3-0 amd64 3.45.1-1ubuntu2.1 [701 kB]
Get:57 http://in.archive.ubuntu.com/ubuntu noble-updates/main amd64 udisks2 amd64 2.10.1-6ubuntu1 [297 kB]
Get:58 http://in.archive.ubuntu.com/ubuntu noble-updates/main amd64 libudisks2-0 amd64 2.10.1-6ubuntu1 [174 kB]
Get:59 http://in.archive.ubuntu.com/ubuntu noble-updates/main amd64 gnome-bluetooth-3-common all 46.0-1ubuntu1 [7,018 B]
Get:60 http://in.archive.ubuntu.com/ubuntu noble-updates/main amd64 libgnome-bluetooth-3.0-13 amd64 46.0-1ubuntu1 [49.6 kB]
Get:61 http://in.archive.ubuntu.com/ubuntu noble-updates/main amd64 gdm3 amd64 46.2-1ubuntu1~24.04.1 [335 kB]
Get:62 http://in.archive.ubuntu.com/ubuntu noble-updates/main amd64 libgdm1 amd64 46.2-1ubuntu1~24.04.1 [77.0 kB]
Get:63 http://in.archive.ubuntu.com/ubuntu noble-updates/main amd64 gir1.2-gdm-1.0 amd64 46.2-1ubuntu1~24.04.1 [11.3 kB]
Get:64 http://in.archive.ubuntu.com/ubuntu noble-updates/main amd64 gir1.2-gtk-4.0 amd64 4.14.2+ds-1ubuntu2 [223 kB]
Get:65 http://in.archive.ubuntu.com/ubuntu noble-updates/main amd64 gir1.2-nm-1.0 amd64 1.46.0-1ubuntu2.2 [86.8 kB]
Get:66 http://in.archive.ubuntu.com/ubuntu noble-updates/main amd64 update-notifier amd64 3.192.68.1 [66.8 kB]
Get:67 http://in.archive.ubuntu.com/ubuntu noble-updates/main amd64 update-notifier-common all 3.192.68.1 [207 kB]
Get:68 http://in.archive.ubuntu.com/ubuntu noble-updates/main amd64 libattr1 amd64 1:2.5.2-1build1.1 [11.4 kB]
Get:69 http://in.archive.ubuntu.com/ubuntu noble-updates/main amd64 libgmp10 amd64 2:6.3.0+dfsg-2ubuntu6.1 [253 kB]
Get:70 http://in.archive.ubuntu.com/ubuntu noble-updates/main amd64 libgpg-error-l10n all 1.47-3build2.1 [8,146 B]
Get:71 http://in.archive.ubuntu.com/ubuntu noble-updates/main amd64 libgpg-error0 amd64 1.47-3build2.1 [70.1 kB]
Get:72 http://in.archive.ubuntu.com/ubuntu noble-updates/main amd64 dmsetup amd64 2:1.02.185-3ubuntu3.2 [79.2 kB]
Get:73 http://in.archive.ubuntu.com/ubuntu noble-updates/main amd64 rsyslog amd64 8.2312.0-3ubuntu9.1 [511 kB]
Get:74 http://in.archive.ubuntu.com/ubuntu noble-updates/main amd64 systemd-hwe-hwdb all 255.1.4 [3,200 B]
Get:75 http://in.archive.ubuntu.com/ubuntu noble-updates/main amd64 apparmor amd64 4.0.1really4.0.1-0ubuntu0.24.04.3 [641 kB]
Get:76 http://in.archive.ubuntu.com/ubuntu noble-updates/main amd64 dmidecode amd64 3.5-3ubuntu0.1 [73.0 kB]
Get:77 http://in.archive.ubuntu.com/ubuntu noble-updates/main amd64 libplymouth5 amd64 24.004.60-1ubuntu7.1 [137 kB]
Get:78 http://in.archive.ubuntu.com/ubuntu noble-updates/main amd64 mtr-tiny amd64 0.95-1.1ubuntu0.1 [54.3 kB]
Get:79 http://in.archive.ubuntu.com/ubuntu noble-updates/main amd64 openssh-client amd64 1:9.6p1-3ubuntu13.9 [905 kB]
Get:80 http://in.archive.ubuntu.com/ubuntu noble-updates/main amd64 pci.ids all 0.0~2024.03.31-1ubuntu0.1 [275 kB]
Get:81 http://in.archive.ubuntu.com/ubuntu noble-updates/main amd64 libpackagekit-glib2-18 amd64 1.2.8-2ubuntu1.2 [120 kB]
Get:82 http://in.archive.ubuntu.com/ubuntu noble-updates/main amd64 gstreamer1.0-packagekit amd64 1.2.8-2ubuntu1.2 [9,252 B]
Get:83 http://in.archive.ubuntu.com/ubuntu noble-updates/main amd64 packagekit-tools amd64 1.2.8-2ubuntu1.2 [28.3 kB]
Get:84 http://in.archive.ubuntu.com/ubuntu noble-updates/main amd64 packagekit amd64 1.2.8-2ubuntu1.2 [434 kB]
Get:85 http://in.archive.ubuntu.com/ubuntu noble-updates/main amd64 plymouth-theme-ubuntu-text amd64 24.004.60-1ubuntu7.1 [9,924 B]
Get:86 http://in.archive.ubuntu.com/ubuntu noble-updates/main amd64 plymouth-theme-spinner amd64 24.004.60-1ubuntu7.1 [132 kB]
Get:87 http://in.archive.ubuntu.com/ubuntu noble-updates/main amd64 plymouth-label amd64 24.004.60-1ubuntu7.1 [9,368 B]
Get:88 http://in.archive.ubuntu.com/ubuntu noble-updates/main amd64 plymouth amd64 24.004.60-1ubuntu7.1 [134 kB]
Get:89 http://in.archive.ubuntu.com/ubuntu noble-updates/main amd64 ubuntu-standard amd64 1.539.2 [11.1 kB]
Get:90 http://in.archive.ubuntu.com/ubuntu noble-updates/main amd64 alsa-ucm-conf all 1.2.10-1ubuntu5.4 [64.8 kB]
Get:91 http://in.archive.ubuntu.com/ubuntu noble-updates/main amd64 apport-gtk all 2.28.1-0ubuntu3.5 [9,748 B]
Get:92 http://in.archive.ubuntu.com/ubuntu noble-updates/main amd64 bluez-cups amd64 5.72-0ubuntu5.1 [29.2 kB]
Get:93 http://in.archive.ubuntu.com/ubuntu noble-updates/main amd64 bluez-obexd amd64 5.72-0ubuntu5.1 [232 kB]
Get:94 http://in.archive.ubuntu.com/ubuntu noble-updates/main amd64 bpftrace amd64 0.20.2-1ubuntu4.3 [1,011 kB]
Get:95 http://in.archive.ubuntu.com/ubuntu noble-updates/main amd64 cups-browsed amd64 2.0.0-0ubuntu10.3 [118 kB]
Get:96 http://in.archive.ubuntu.com/ubuntu noble-updates/main amd64 dns-root-data all 2024071801~ubuntu0.24.04.1 [5,918 B]
Get:97 http://in.archive.ubuntu.com/ubuntu noble-updates/main amd64 evince-common all 46.3.1-0ubuntu1 [127 kB]
Get:98 http://in.archive.ubuntu.com/ubuntu noble-updates/main amd64 evince amd64 46.3.1-0ubuntu1 [283 kB]
Get:99 http://in.archive.ubuntu.com/ubuntu noble-updates/main amd64 libevdocument3-4t64 amd64 46.3.1-0ubuntu1 [176 kB]
Get:100 http://in.archive.ubuntu.com/ubuntu noble-updates/main amd64 libevview3-3t64 amd64 46.3.1-0ubuntu1 [134 kB]
Get:101 http://in.archive.ubuntu.com/ubuntu noble-updates/main amd64 fonts-noto-color-emoji all 2.047-0ubuntu0.24.04.1 [9,764 kB]
Get:102 http://in.archive.ubuntu.com/ubuntu noble-updates/main amd64 libfwupd2 amd64 1.9.28-0ubuntu1~24.04.1 [136 kB]
Get:103 http://in.archive.ubuntu.com/ubuntu noble-updates/main amd64 fwupd amd64 1.9.28-0ubuntu1~24.04.1 [4,586 kB]
Get:104 http://in.archive.ubuntu.com/ubuntu noble-updates/main amd64 gir1.2-packagekitglib-1.0 amd64 1.2.8-2ubuntu1.2 [25.6 kB]
Get:105 http://in.archive.ubuntu.com/ubuntu noble-updates/main amd64 gir1.2-udisks-2.0 amd64 2.10.1-6ubuntu1 [32.7 kB]
Get:106 http://in.archive.ubuntu.com/ubuntu noble-updates/main amd64 gnome-bluetooth-sendto amd64 46.0-1ubuntu1 [12.4 kB]
Get:107 http://in.archive.ubuntu.com/ubuntu noble-updates/main amd64 gnome-calendar amd64 46.1-0ubuntu2 [268 kB]
Get:108 http://in.archive.ubuntu.com/ubuntu noble-updates/main amd64 gnome-control-center-faces all 1:46.5-0ubuntu0.24.04.1 [1,232 kB]
Get:109 http://in.archive.ubuntu.com/ubuntu noble-updates/main amd64 gnome-initial-setup amd64 46.3-1ubuntu3~24.04.1 [603 kB]
Get:110 http://in.archive.ubuntu.com/ubuntu noble-updates/main amd64 gnome-shell-extension-appindicator all 58-1ubuntu24.04.1 [49.7 kB]
Get:111 http://in.archive.ubuntu.com/ubuntu noble-updates/main amd64 nautilus amd64 1:46.2-0ubuntu0.3 [508 kB]
Get:112 http://in.archive.ubuntu.com/ubuntu noble-updates/main amd64 libnautilus-extension4 amd64 1:46.2-0ubuntu0.3 [22.7 kB]
Get:113 http://in.archive.ubuntu.com/ubuntu noble-updates/main amd64 nautilus-data all 1:46.2-0ubuntu0.3 [17.8 kB]
Get:114 http://in.archive.ubuntu.com/ubuntu noble-updates/main amd64 gnome-shell-extension-desktop-icons-ng all 46+really47.0.9-1ubuntu1 [66.3 kB]
Get:115 http://in.archive.ubuntu.com/ubuntu noble-updates/main amd64 gnome-shell-extension-ubuntu-dock all 90ubuntu2 [119 kB]
Get:116 http://in.archive.ubuntu.com/ubuntu noble-updates/main amd64 gtk-update-icon-cache amd64 3.24.41-4ubuntu1.2 [51.8 kB]
Get:117 http://in.archive.ubuntu.com/ubuntu noble-updates/main amd64 ldap-utils amd64 2.6.7+dfsg-1~exp1ubuntu8.2 [153 kB]
Get:118 http://in.archive.ubuntu.com/ubuntu noble-updates/main amd64 libldap2 amd64 2.6.7+dfsg-1~exp1ubuntu8.2 [196 kB]
Get:119 http://in.archive.ubuntu.com/ubuntu noble-updates/main amd64 libboost-iostreams1.83.0 amd64 1.83.0-2.1ubuntu3.1 [259 kB]
Get:120 http://in.archive.ubuntu.com/ubuntu noble-updates/main amd64 libboost-thread1.83.0 amd64 1.83.0-2.1ubuntu3.1 [276 kB]
Get:121 http://in.archive.ubuntu.com/ubuntu noble-updates/main amd64 libboost-locale1.83.0 amd64 1.83.0-2.1ubuntu3.1 [413 kB]
Get:122 http://in.archive.ubuntu.com/ubuntu noble-updates/main amd64 libfprint-2-tod1 amd64 1:1.94.7+tod1-0ubuntu5~24.04.3 [64.5 kB]
Get:123 http://in.archive.ubuntu.com/ubuntu noble-updates/main amd64 libfprint-2-2 amd64 1:1.94.7+tod1-0ubuntu5~24.04.3 [264 kB]
Get:124 http://in.archive.ubuntu.com/ubuntu noble-updates/main amd64 libgtk-3-bin amd64 3.24.41-4ubuntu1.2 [73.9 kB]
Get:125 http://in.archive.ubuntu.com/ubuntu noble-updates/main amd64 libgtk-4-bin amd64 4.14.2+ds-1ubuntu2 [3,350 kB]
Get:126 http://in.archive.ubuntu.com/ubuntu noble-updates/main amd64 sssd amd64 2.9.4-1.1ubuntu6.2 [4,124 B]
Get:127 http://in.archive.ubuntu.com/ubuntu noble-updates/main amd64 python3-sss amd64 2.9.4-1.1ubuntu6.2 [47.3 kB]
Get:128 http://in.archive.ubuntu.com/ubuntu noble-updates/main amd64 libsss-certmap0 amd64 2.9.4-1.1ubuntu6.2 [47.4 kB]
Get:129 http://in.archive.ubuntu.com/ubuntu noble-updates/main amd64 sssd-proxy amd64 2.9.4-1.1ubuntu6.2 [44.6 kB]
Get:130 http://in.archive.ubuntu.com/ubuntu noble-updates/main amd64 sssd-krb5 amd64 2.9.4-1.1ubuntu6.2 [14.5 kB]
Get:131 http://in.archive.ubuntu.com/ubuntu noble-updates/main amd64 sssd-ad amd64 2.9.4-1.1ubuntu6.2 [136 kB]
Get:132 http://in.archive.ubuntu.com/ubuntu noble-updates/main amd64 sssd-ldap amd64 2.9.4-1.1ubuntu6.2 [31.3 kB]
Get:133 http://in.archive.ubuntu.com/ubuntu noble-updates/main amd64 sssd-ipa amd64 2.9.4-1.1ubuntu6.2 [221 kB]
Get:134 http://in.archive.ubuntu.com/ubuntu noble-updates/main amd64 sssd-krb5-common amd64 2.9.4-1.1ubuntu6.2 [88.8 kB]
Get:135 http://in.archive.ubuntu.com/ubuntu noble-updates/main amd64 sssd-ad-common amd64 2.9.4-1.1ubuntu6.2 [77.1 kB]
Get:136 http://in.archive.ubuntu.com/ubuntu noble-updates/main amd64 sssd-common amd64 2.9.4-1.1ubuntu6.2 [1,139 kB]
Get:137 http://in.archive.ubuntu.com/ubuntu noble-updates/main amd64 libnss-sss amd64 2.9.4-1.1ubuntu6.2 [31.9 kB]
Get:138 http://in.archive.ubuntu.com/ubuntu noble-updates/main amd64 libpam-sss amd64 2.9.4-1.1ubuntu6.2 [50.7 kB]
Get:139 http://in.archive.ubuntu.com/ubuntu noble-updates/main amd64 libnfsidmap1 amd64 1:2.6.4-3ubuntu5.1 [48.3 kB]
Get:140 http://in.archive.ubuntu.com/ubuntu noble-updates/main amd64 libsss-nss-idmap0 amd64 2.9.4-1.1ubuntu6.2 [30.6 kB]
Get:141 http://in.archive.ubuntu.com/ubuntu noble-updates/main amd64 libsss-idmap0 amd64 2.9.4-1.1ubuntu6.2 [22.0 kB]
Get:142 http://in.archive.ubuntu.com/ubuntu noble-updates/main amd64 libipa-hbac0t64 amd64 2.9.4-1.1ubuntu6.2 [17.7 kB]
Get:143 http://in.archive.ubuntu.com/ubuntu noble-updates/main amd64 libisl23 amd64 0.26-3build1.1 [680 kB]
Get:144 http://in.archive.ubuntu.com/ubuntu noble-updates/main amd64 libldap-common all 2.6.7+dfsg-1~exp1ubuntu8.2 [31.7 kB]
Get:145 http://in.archive.ubuntu.com/ubuntu noble-updates/main amd64 libmpfr6 amd64 4.2.1-1build1.1 [353 kB]
Get:146 http://in.archive.ubuntu.com/ubuntu noble-updates/main amd64 libnvme1t64 amd64 1.8-3ubuntu1 [75.8 kB]
Get:147 http://in.archive.ubuntu.com/ubuntu noble-updates/main amd64 libpipewire-0.3-common all 1.0.5-1ubuntu3 [18.8 kB]
Get:148 http://in.archive.ubuntu.com/ubuntu noble-updates/main amd64 libsnmp-base all 5.9.4+dfsg-1.1ubuntu3.1 [206 kB]
Get:149 http://in.archive.ubuntu.com/ubuntu noble-updates/main amd64 libsnmp40t64 amd64 5.9.4+dfsg-1.1ubuntu3.1 [1,066 kB]
Get:150 http://in.archive.ubuntu.com/ubuntu noble-updates/main amd64 libspeex1 amd64 1.2.1-2ubuntu2.24.04.1 [59.6 kB]
Get:151 http://in.archive.ubuntu.com/ubuntu noble-updates/main amd64 lp-solve amd64 5.5.2.5-2ubuntu0.1 [314 kB]
Get:152 http://in.archive.ubuntu.com/ubuntu noble-updates/main amd64 network-manager-config-connectivity-ubuntu all 1.46.0-1ubuntu2.2 [2,268 B]
Get:153 http://in.archive.ubuntu.com/ubuntu noble-updates/main amd64 pipewire-audio all 1.0.5-1ubuntu3 [4,078 B]
Get:154 http://in.archive.ubuntu.com/ubuntu noble-updates/main amd64 python3-paramiko all 2.12.0-2ubuntu4.1 [137 kB]
Get:155 http://in.archive.ubuntu.com/ubuntu noble-updates/main amd64 software-properties-common all 0.99.49.2 [14.4 kB]
Get:156 http://in.archive.ubuntu.com/ubuntu noble-updates/main amd64 software-properties-gtk all 0.99.49.2 [83.2 kB]
Get:157 http://in.archive.ubuntu.com/ubuntu noble-updates/main amd64 python3-software-properties all 0.99.49.2 [29.8 kB]
Get:158 http://in.archive.ubuntu.com/ubuntu noble-updates/main amd64 shotwell-common all 0.32.6-1ubuntu3 [158 kB]
Get:159 http://in.archive.ubuntu.com/ubuntu noble-updates/main amd64 shotwell amd64 0.32.6-1ubuntu3 [1,858 kB]
Get:160 http://in.archive.ubuntu.com/ubuntu noble-updates/main amd64 snapd amd64 2.67.1+24.04 [30.1 MB]
Get:161 http://in.archive.ubuntu.com/ubuntu noble-updates/main amd64 thermald amd64 2.5.6-2ubuntu0.24.04.2 [213 kB]
Get:162 http://in.archive.ubuntu.com/ubuntu noble-updates/main amd64 ubuntu-settings all 24.04.5 [10.1 kB]
Get:163 http://in.archive.ubuntu.com/ubuntu noble-updates/main amd64 zip amd64 3.0-13ubuntu0.2 [176 kB]
Get:164 http://in.archive.ubuntu.com/ubuntu noble-updates/main amd64 ubuntu-desktop-minimal amd64 1.539.2 [11.9 kB]
Get:165 http://in.archive.ubuntu.com/ubuntu noble-updates/main amd64 ubuntu-desktop amd64 1.539.2 [2,476 B]
Get:166 http://in.archive.ubuntu.com/ubuntu noble-updates/main amd64 ubuntu-kernel-accessories amd64 1.539.2 [10.9 kB]
Get:167 http://in.archive.ubuntu.com/ubuntu noble-updates/main amd64 xdg-desktop-portal amd64 1.18.4-1ubuntu2.24.04.1 [298 kB]
Get:168 http://in.archive.ubuntu.com/ubuntu noble-updates/main amd64 xserver-xephyr amd64 2:21.1.12-1ubuntu1.3 [1,019 kB]
Get:169 http://in.archive.ubuntu.com/ubuntu noble-updates/main amd64 cloud-init all 24.4.1-0ubuntu0~24.04.2 [604 kB]
Get:170 http://in.archive.ubuntu.com/ubuntu noble-updates/main amd64 libmpc3 amd64 1.3.1-1build1.1 [54.6 kB]
Preconfiguring packages ...
Fetched 96.6 MB in 9min 33s (169 kB/s)
(Reading database ... 
(Reading database ... 5%
(Reading database ... 10%
(Reading database ... 15%
(Reading database ... 20%
(Reading database ... 25%
(Reading database ... 30%
(Reading database ... 35%
(Reading database ... 40%
(Reading database ... 45%
(Reading database ... 50%
(Reading database ... 55%
(Reading database ... 60%
(Reading database ... 65%
(Reading database ... 70%
(Reading database ... 75%
(Reading database ... 80%
(Reading database ... 85%
(Reading database ... 90%
(Reading database ... 95%
(Reading database ... 100%
(Reading database ... 274495 files and directories currently installed.)
Preparing to unpack .../base-files_13ubuntu10.2_amd64.deb ...
Unpacking base-files (13ubuntu10.2) over (13ubuntu10.1) ...
Setting up base-files (13ubuntu10.2) ...
Installing new version of config file /etc/issue ...
Installing new version of config file /etc/issue.net ...
Installing new version of config file /etc/lsb-release ...
motd-news.service is a disabled or a static unit not running, not starting it.
(Reading database ... 
(Reading database ... 5%
(Reading database ... 10%
(Reading database ... 15%
(Reading database ... 20%
(Reading database ... 25%
(Reading database ... 30%
(Reading database ... 35%
(Reading database ... 40%
(Reading database ... 45%
(Reading database ... 50%
(Reading database ... 55%
(Reading database ... 60%
(Reading database ... 65%
(Reading database ... 70%
(Reading database ... 75%
(Reading database ... 80%
(Reading database ... 85%
(Reading database ... 90%
(Reading database ... 95%
(Reading database ... 100%
(Reading database ... 274495 files and directories currently installed.)
Preparing to unpack .../login_1%3a4.13+dfsg1-4ubuntu3.2_amd64.deb ...
Unpacking login (1:4.13+dfsg1-4ubuntu3.2) over (1:4.13+dfsg1-4ubuntu3) ...
Setting up login (1:4.13+dfsg1-4ubuntu3.2) ...
(Reading database ... 
(Reading database ... 5%
(Reading database ... 10%
(Reading database ... 15%
(Reading database ... 20%
(Reading database ... 25%
(Reading database ... 30%
(Reading database ... 35%
(Reading database ... 40%
(Reading database ... 45%
(Reading database ... 50%
(Reading database ... 55%
(Reading database ... 60%
(Reading database ... 65%
(Reading database ... 70%
(Reading database ... 75%
(Reading database ... 80%
(Reading database ... 85%
(Reading database ... 90%
(Reading database ... 95%
(Reading database ... 100%
(Reading database ... 274495 files and directories currently installed.)
Preparing to unpack .../libperl5.38t64_5.38.2-3.2build2.1_amd64.deb ...
Unpacking libperl5.38t64:amd64 (5.38.2-3.2build2.1) over (5.38.2-3.2build2) ...
Preparing to unpack .../perl_5.38.2-3.2build2.1_amd64.deb ...
Unpacking perl (5.38.2-3.2build2.1) over (5.38.2-3.2build2) ...
Preparing to unpack .../perl-base_5.38.2-3.2build2.1_amd64.deb ...
Unpacking perl-base (5.38.2-3.2build2.1) over (5.38.2-3.2build2) ...
Setting up perl-base (5.38.2-3.2build2.1) ...
(Reading database ... 
(Reading database ... 5%
(Reading database ... 10%
(Reading database ... 15%
(Reading database ... 20%
(Reading database ... 25%
(Reading database ... 30%
(Reading database ... 35%
(Reading database ... 40%
(Reading database ... 45%
(Reading database ... 50%
(Reading database ... 55%
(Reading database ... 60%
(Reading database ... 65%
(Reading database ... 70%
(Reading database ... 75%
(Reading database ... 80%
(Reading database ... 85%
(Reading database ... 90%
(Reading database ... 95%
(Reading database ... 100%
(Reading database ... 274495 files and directories currently installed.)
Preparing to unpack .../perl-modules-5.38_5.38.2-3.2build2.1_all.deb ...
Unpacking perl-modules-5.38 (5.38.2-3.2build2.1) over (5.38.2-3.2build2) ...
Preparing to unpack .../libnss-systemd_255.4-1ubuntu8.6_amd64.deb ...
Unpacking libnss-systemd:amd64 (255.4-1ubuntu8.6) over (255.4-1ubuntu8.4) ...
Preparing to unpack .../systemd-dev_255.4-1ubuntu8.6_all.deb ...
Unpacking systemd-dev (255.4-1ubuntu8.6) over (255.4-1ubuntu8.4) ...
Preparing to unpack .../acl_2.3.2-1build1.1_amd64.deb ...
Unpacking acl (2.3.2-1build1.1) over (2.3.2-1build1) ...
Preparing to unpack .../libacl1_2.3.2-1build1.1_amd64.deb ...
Unpacking libacl1:amd64 (2.3.2-1build1.1) over (2.3.2-1build1) ...
Setting up libacl1:amd64 (2.3.2-1build1.1) ...
(Reading database ... 
(Reading database ... 5%
(Reading database ... 10%
(Reading database ... 15%
(Reading database ... 20%
(Reading database ... 25%
(Reading database ... 30%
(Reading database ... 35%
(Reading database ... 40%
(Reading database ... 45%
(Reading database ... 50%
(Reading database ... 55%
(Reading database ... 60%
(Reading database ... 65%
(Reading database ... 70%
(Reading database ... 75%
(Reading database ... 80%
(Reading database ... 85%
(Reading database ... 90%
(Reading database ... 95%
(Reading database ... 100%
(Reading database ... 274495 files and directories currently installed.)
Preparing to unpack .../0-kmod_31+20240202-2ubuntu7.1_amd64.deb ...
Unpacking kmod (31+20240202-2ubuntu7.1) over (31+20240202-2ubuntu7) ...
Preparing to unpack .../1-libkmod2_31+20240202-2ubuntu7.1_amd64.deb ...
Unpacking libkmod2:amd64 (31+20240202-2ubuntu7.1) over (31+20240202-2ubuntu7) ...
Preparing to unpack .../2-systemd-timesyncd_255.4-1ubuntu8.6_amd64.deb ...
Unpacking systemd-timesyncd (255.4-1ubuntu8.6) over (255.4-1ubuntu8.4) ...
Preparing to unpack .../3-systemd-resolved_255.4-1ubuntu8.6_amd64.deb ...
Unpacking systemd-resolved (255.4-1ubuntu8.6) over (255.4-1ubuntu8.4) ...
Preparing to unpack .../4-systemd-oomd_255.4-1ubuntu8.6_amd64.deb ...
Unpacking systemd-oomd (255.4-1ubuntu8.6) over (255.4-1ubuntu8.4) ...
Preparing to unpack .../5-libsystemd-shared_255.4-1ubuntu8.6_amd64.deb ...
Unpacking libsystemd-shared:amd64 (255.4-1ubuntu8.6) over (255.4-1ubuntu8.4) ...
Preparing to unpack .../6-libsystemd0_255.4-1ubuntu8.6_amd64.deb ...
Unpacking libsystemd0:amd64 (255.4-1ubuntu8.6) over (255.4-1ubuntu8.4) ...
Setting up libsystemd0:amd64 (255.4-1ubuntu8.6) ...
(Reading database ... 
(Reading database ... 5%
(Reading database ... 10%
(Reading database ... 15%
(Reading database ... 20%
(Reading database ... 25%
(Reading database ... 30%
(Reading database ... 35%
(Reading database ... 40%
(Reading database ... 45%
(Reading database ... 50%
(Reading database ... 55%
(Reading database ... 60%
(Reading database ... 65%
(Reading database ... 70%
(Reading database ... 75%
(Reading database ... 80%
(Reading database ... 85%
(Reading database ... 90%
(Reading database ... 95%
(Reading database ... 100%
(Reading database ... 274495 files and directories currently installed.)
Preparing to unpack .../0-systemd-sysv_255.4-1ubuntu8.6_amd64.deb ...
Unpacking systemd-sysv (255.4-1ubuntu8.6) over (255.4-1ubuntu8.4) ...
Preparing to unpack .../1-libpam-systemd_255.4-1ubuntu8.6_amd64.deb ...
Unpacking libpam-systemd:amd64 (255.4-1ubuntu8.6) over (255.4-1ubuntu8.4) ...
Preparing to unpack .../2-xserver-common_2%3a21.1.12-1ubuntu1.3_all.deb ...
Unpacking xserver-common (2:21.1.12-1ubuntu1.3) over (2:21.1.12-1ubuntu1.2) ...
Preparing to unpack .../3-xserver-xorg-legacy_2%3a21.1.12-1ubuntu1.3_amd64.deb ...
Unpacking xserver-xorg-legacy (2:21.1.12-1ubuntu1.3) over (2:21.1.12-1ubuntu1.2) ...
Preparing to unpack .../4-xserver-xorg-core_2%3a21.1.12-1ubuntu1.3_amd64.deb ...
Unpacking xserver-xorg-core (2:21.1.12-1ubuntu1.3) over (2:21.1.12-1ubuntu1.2) ...
Preparing to unpack .../5-systemd_255.4-1ubuntu8.6_amd64.deb ...
Unpacking systemd (255.4-1ubuntu8.6) over (255.4-1ubuntu8.4) ...
Preparing to unpack .../6-udev_255.4-1ubuntu8.6_amd64.deb ...
Unpacking udev (255.4-1ubuntu8.6) over (255.4-1ubuntu8.4) ...
Preparing to unpack .../7-libudev1_255.4-1ubuntu8.6_amd64.deb ...
Unpacking libudev1:amd64 (255.4-1ubuntu8.6) over (255.4-1ubuntu8.4) ...
Setting up libudev1:amd64 (255.4-1ubuntu8.6) ...
(Reading database ... 
(Reading database ... 5%
(Reading database ... 10%
(Reading database ... 15%
(Reading database ... 20%
(Reading database ... 25%
(Reading database ... 30%
(Reading database ... 35%
(Reading database ... 40%
(Reading database ... 45%
(Reading database ... 50%
(Reading database ... 55%
(Reading database ... 60%
(Reading database ... 65%
(Reading database ... 70%
(Reading database ... 75%
(Reading database ... 80%
(Reading database ... 85%
(Reading database ... 90%
(Reading database ... 95%
(Reading database ... 100%
(Reading database ... 274495 files and directories currently installed.)
Preparing to unpack .../libapparmor1_4.0.1really4.0.1-0ubuntu0.24.04.3_amd64.deb ...
Unpacking libapparmor1:amd64 (4.0.1really4.0.1-0ubuntu0.24.04.3) over (4.0.1really4.0.0-beta3-0ubuntu0.1) ...
Preparing to unpack .../libaudit-common_1%3a3.1.2-2.1build1.1_all.deb ...
Unpacking libaudit-common (1:3.1.2-2.1build1.1) over (1:3.1.2-2.1build1) ...
Setting up libaudit-common (1:3.1.2-2.1build1.1) ...
(Reading database ... 
(Reading database ... 5%
(Reading database ... 10%
(Reading database ... 15%
(Reading database ... 20%
(Reading database ... 25%
(Reading database ... 30%
(Reading database ... 35%
(Reading database ... 40%
(Reading database ... 45%
(Reading database ... 50%
(Reading database ... 55%
(Reading database ... 60%
(Reading database ... 65%
(Reading database ... 70%
(Reading database ... 75%
(Reading database ... 80%
(Reading database ... 85%
(Reading database ... 90%
(Reading database ... 95%
(Reading database ... 100%
(Reading database ... 274495 files and directories currently installed.)
Preparing to unpack .../libaudit1_1%3a3.1.2-2.1build1.1_amd64.deb ...
Unpacking libaudit1:amd64 (1:3.1.2-2.1build1.1) over (1:3.1.2-2.1build1) ...
Setting up libaudit1:amd64 (1:3.1.2-2.1build1.1) ...
(Reading database ... 
(Reading database ... 5%
(Reading database ... 10%
(Reading database ... 15%
(Reading database ... 20%
(Reading database ... 25%
(Reading database ... 30%
(Reading database ... 35%
(Reading database ... 40%
(Reading database ... 45%
(Reading database ... 50%
(Reading database ... 55%
(Reading database ... 60%
(Reading database ... 65%
(Reading database ... 70%
(Reading database ... 75%
(Reading database ... 80%
(Reading database ... 85%
(Reading database ... 90%
(Reading database ... 95%
(Reading database ... 100%
(Reading database ... 274495 files and directories currently installed.)
Preparing to unpack .../00-libunwind8_1.6.2-3build1.1_amd64.deb ...
Unpacking libunwind8:amd64 (1.6.2-3build1.1) over (1.6.2-3build1) ...
Preparing to unpack .../01-libdevmapper1.02.1_2%3a1.02.185-3ubuntu3.2_amd64.deb ...
Unpacking libdevmapper1.02.1:amd64 (2:1.02.185-3ubuntu3.2) over (2:1.02.185-3ubuntu3) ...
Preparing to unpack .../02-libcryptsetup12_2%3a2.7.0-1ubuntu4.2_amd64.deb ...
Unpacking libcryptsetup12:amd64 (2:2.7.0-1ubuntu4.2) over (2:2.7.0-1ubuntu4) ...
Preparing to unpack .../03-python-apt-common_2.7.7ubuntu4_all.deb ...
Unpacking python-apt-common (2.7.7ubuntu4) over (2.7.7ubuntu3) ...
Preparing to unpack .../04-distro-info-data_0.60ubuntu0.2_all.deb ...
Unpacking distro-info-data (0.60ubuntu0.2) over (0.60ubuntu0.1) ...
Preparing to unpack .../05-python3-apt_2.7.7ubuntu4_amd64.deb ...
Unpacking python3-apt (2.7.7ubuntu4) over (2.7.7ubuntu3) ...
Preparing to unpack .../06-python3-problem-report_2.28.1-0ubuntu3.5_all.deb ...
Unpacking python3-problem-report (2.28.1-0ubuntu3.5) over (2.28.1-0ubuntu3.1) ...
Preparing to unpack .../07-python3-apport_2.28.1-0ubuntu3.5_all.deb ...
Unpacking python3-apport (2.28.1-0ubuntu3.5) over (2.28.1-0ubuntu3.1) ...
Preparing to unpack .../08-apport-core-dump-handler_2.28.1-0ubuntu3.5_all.deb ...
Unpacking apport-core-dump-handler (2.28.1-0ubuntu3.5) over (2.28.1-0ubuntu3.1) ...
Preparing to unpack .../09-apport_2.28.1-0ubuntu3.5_all.deb ...
Unpacking apport (2.28.1-0ubuntu3.5) over (2.28.1-0ubuntu3.1) ...
Preparing to unpack .../10-bluez_5.72-0ubuntu5.1_amd64.deb ...
Unpacking bluez (5.72-0ubuntu5.1) over (5.72-0ubuntu5) ...
Preparing to unpack .../11-language-pack-en_1%3a24.04+20250130_all.deb ...
Unpacking language-pack-en (1:24.04+20250130) over (1:24.04+20240817) ...
Preparing to unpack .../12-language-pack-en-base_1%3a24.04+20250130_all.deb ...
Unpacking language-pack-en-base (1:24.04+20250130) over (1:24.04+20240817) ...
Preparing to unpack .../13-language-pack-gnome-en_1%3a24.04+20250130_all.deb ...
Unpacking language-pack-gnome-en (1:24.04+20250130) over (1:24.04+20240817) ...
Preparing to unpack .../14-language-pack-gnome-en-base_1%3a24.04+20250130_all.deb ...
Unpacking language-pack-gnome-en-base (1:24.04+20250130) over (1:24.04+20240817) ...
Preparing to unpack .../15-ubuntu-pro-client-l10n_34~24.04_amd64.deb ...
Unpacking ubuntu-pro-client-l10n (34~24.04) over (32.3.1~24.04) ...
Preparing to unpack .../16-ubuntu-pro-client_34~24.04_amd64.deb ...
Unpacking ubuntu-pro-client (34~24.04) over (32.3.1~24.04) ...
Preparing to unpack .../17-ubuntu-release-upgrader-gtk_1%3a24.04.26_all.deb ...
Unpacking ubuntu-release-upgrader-gtk (1:24.04.26) over (1:24.04.22) ...
Preparing to unpack .../18-ubuntu-release-upgrader-core_1%3a24.04.26_all.deb ...
Unpacking ubuntu-release-upgrader-core (1:24.04.26) over (1:24.04.22) ...
Preparing to unpack .../19-python3-distupgrade_1%3a24.04.26_all.deb ...
Unpacking python3-distupgrade (1:24.04.26) over (1:24.04.22) ...
Preparing to unpack .../20-python3-update-manager_1%3a24.04.9_all.deb ...
Unpacking python3-update-manager (1:24.04.9) over (1:24.04.6) ...
Preparing to unpack .../21-update-manager_1%3a24.04.9_all.deb ...
Unpacking update-manager (1:24.04.9) over (1:24.04.6) ...
Preparing to unpack .../22-update-manager-core_1%3a24.04.9_all.deb ...
Unpacking update-manager-core (1:24.04.9) over (1:24.04.6) ...
Preparing to unpack .../23-libproc2-0_2%3a4.0.4-4ubuntu3.2_amd64.deb ...
Unpacking libproc2-0:amd64 (2:4.0.4-4ubuntu3.2) over (2:4.0.4-4ubuntu3) ...
Preparing to unpack .../24-procps_2%3a4.0.4-4ubuntu3.2_amd64.deb ...
Unpacking procps (2:4.0.4-4ubuntu3.2) over (2:4.0.4-4ubuntu3) ...
Preparing to unpack .../25-libgtk-3-common_3.24.41-4ubuntu1.2_all.deb ...
Unpacking libgtk-3-common (3.24.41-4ubuntu1.2) over (3.24.41-4ubuntu1.1) ...
Preparing to unpack .../26-libgtk-3-0t64_3.24.41-4ubuntu1.2_amd64.deb ...
Unpacking libgtk-3-0t64:amd64 (3.24.41-4ubuntu1.2) over (3.24.41-4ubuntu1.1) ...
Preparing to unpack .../27-gir1.2-gtk-3.0_3.24.41-4ubuntu1.2_amd64.deb ...
Unpacking gir1.2-gtk-3.0:amd64 (3.24.41-4ubuntu1.2) over (3.24.41-4ubuntu1.1) ...
Preparing to unpack .../28-gir1.2-mutter-14_46.2-1ubuntu0.24.04.7_amd64.deb ...
Unpacking gir1.2-mutter-14:amd64 (46.2-1ubuntu0.24.04.7) over (46.2-1ubuntu0.24.04.1) ...
Preparing to unpack .../29-mutter-common_46.2-1ubuntu0.24.04.7_all.deb ...
Unpacking mutter-common (46.2-1ubuntu0.24.04.7) over (46.2-1ubuntu0.24.04.1) ...
Preparing to unpack .../30-libgtk-4-common_4.14.2+ds-1ubuntu2_all.deb ...
Unpacking libgtk-4-common (4.14.2+ds-1ubuntu2) over (4.14.2+ds-1ubuntu1) ...
Preparing to unpack .../31-libgtk-4-1_4.14.2+ds-1ubuntu2_amd64.deb ...
Unpacking libgtk-4-1:amd64 (4.14.2+ds-1ubuntu2) over (4.14.2+ds-1ubuntu1) ...
Preparing to unpack .../32-libmutter-14-0_46.2-1ubuntu0.24.04.7_amd64.deb ...
Unpacking libmutter-14-0:amd64 (46.2-1ubuntu0.24.04.7) over (46.2-1ubuntu0.24.04.1) ...
Preparing to unpack .../33-mutter-common-bin_46.2-1ubuntu0.24.04.7_amd64.deb ...
Unpacking mutter-common-bin (46.2-1ubuntu0.24.04.7) over (46.2-1ubuntu0.24.04.1) ...
Preparing to unpack .../34-libinput-bin_1.25.0-1ubuntu3_amd64.deb ...
Unpacking libinput-bin (1.25.0-1ubuntu3) over (1.25.0-1ubuntu2) ...
Preparing to unpack .../35-libinput10_1.25.0-1ubuntu3_amd64.deb ...
Unpacking libinput10:amd64 (1.25.0-1ubuntu3) over (1.25.0-1ubuntu2) ...
Preparing to unpack .../36-pipewire-pulse_1.0.5-1ubuntu3_amd64.deb ...
Unpacking pipewire-pulse (1.0.5-1ubuntu3) over (1.0.5-1ubuntu1) ...
Preparing to unpack .../37-libpulse-mainloop-glib0_1%3a16.1+dfsg1-2ubuntu10.1_amd64.deb ...
Unpacking libpulse-mainloop-glib0:amd64 (1:16.1+dfsg1-2ubuntu10.1) over (1:16.1+dfsg1-2ubuntu10) ...
Preparing to unpack .../38-libpulse0_1%3a16.1+dfsg1-2ubuntu10.1_amd64.deb ...
Unpacking libpulse0:amd64 (1:16.1+dfsg1-2ubuntu10.1) over (1:16.1+dfsg1-2ubuntu10) ...
Preparing to unpack .../39-gstreamer1.0-pipewire_1.0.5-1ubuntu3_amd64.deb ...
Unpacking gstreamer1.0-pipewire:amd64 (1.0.5-1ubuntu3) over (1.0.5-1ubuntu1) ...
Preparing to unpack .../40-pipewire-bin_1.0.5-1ubuntu3_amd64.deb ...
Unpacking pipewire-bin (1.0.5-1ubuntu3) over (1.0.5-1ubuntu1) ...
Preparing to unpack .../41-pipewire-alsa_1.0.5-1ubuntu3_amd64.deb ...
Unpacking pipewire-alsa:amd64 (1.0.5-1ubuntu3) over (1.0.5-1ubuntu1) ...
Preparing to unpack .../42-libpipewire-0.3-0t64_1.0.5-1ubuntu3_amd64.deb ...
Unpacking libpipewire-0.3-0t64:amd64 (1.0.5-1ubuntu3) over (1.0.5-1ubuntu1) ...
Preparing to unpack .../43-libspa-0.2-bluetooth_1.0.5-1ubuntu3_amd64.deb ...
Unpacking libspa-0.2-bluetooth:amd64 (1.0.5-1ubuntu3) over (1.0.5-1ubuntu1) ...
Preparing to unpack .../44-libspa-0.2-modules_1.0.5-1ubuntu3_amd64.deb ...
Unpacking libspa-0.2-modules:amd64 (1.0.5-1ubuntu3) over (1.0.5-1ubuntu1) ...
Preparing to unpack .../45-pipewire_1.0.5-1ubuntu3_amd64.deb ...
Unpacking pipewire:amd64 (1.0.5-1ubuntu3) over (1.0.5-1ubuntu1) ...
Preparing to unpack .../46-libpipewire-0.3-modules_1.0.5-1ubuntu3_amd64.deb ...
Unpacking libpipewire-0.3-modules:amd64 (1.0.5-1ubuntu3) over (1.0.5-1ubuntu1) ...
Preparing to unpack .../47-libbluetooth3_5.72-0ubuntu5.1_amd64.deb ...
Unpacking libbluetooth3:amd64 (5.72-0ubuntu5.1) over (5.72-0ubuntu5) ...
Preparing to unpack .../48-gnome-control-center-data_1%3a46.5-0ubuntu0.24.04.1_all.deb ...
Unpacking gnome-control-center-data (1:46.5-0ubuntu0.24.04.1) over (1:46.0.1-1ubuntu7) ...
Preparing to unpack .../49-gnome-control-center_1%3a46.5-0ubuntu0.24.04.1_amd64.deb ...
Unpacking gnome-control-center (1:46.5-0ubuntu0.24.04.1) over (1:46.0.1-1ubuntu7) ...
Preparing to unpack .../50-gir1.2-gnomebluetooth-3.0_46.0-1ubuntu1_amd64.deb ...
Unpacking gir1.2-gnomebluetooth-3.0:amd64 (46.0-1ubuntu1) over (46.0-1build1) ...
Preparing to unpack .../51-gnome-shell_46.0-0ubuntu6~24.04.8_amd64.deb ...
Unpacking gnome-shell (46.0-0ubuntu6~24.04.8) over (46.0-0ubuntu6~24.04.4) ...
Preparing to unpack .../52-gnome-shell-common_46.0-0ubuntu6~24.04.8_all.deb ...
Unpacking gnome-shell-common (46.0-0ubuntu6~24.04.8) over (46.0-0ubuntu6~24.04.4) ...
Preparing to unpack .../53-libgtk-4-media-gstreamer_4.14.2+ds-1ubuntu2_amd64.deb ...
Unpacking libgtk-4-media-gstreamer (4.14.2+ds-1ubuntu2) over (4.14.2+ds-1ubuntu1) ...
Preparing to unpack .../54-libgnome-bluetooth-ui-3.0-13_46.0-1ubuntu1_amd64.deb ...
Unpacking libgnome-bluetooth-ui-3.0-13:amd64 (46.0-1ubuntu1) over (46.0-1build1) ...
Selecting previously unselected package libmalcontent-0-0:amd64.
Preparing to unpack .../55-libmalcontent-0-0_0.11.1-1ubuntu1.1_amd64.deb ...
Unpacking libmalcontent-0-0:amd64 (0.11.1-1ubuntu1.1) ...
Preparing to unpack .../56-netplan-generator_1.1.1-1~ubuntu24.04.1_amd64.deb ...
Adding 'diversion of /lib/systemd/system-generators/netplan to /lib/systemd/system-generators/netplan.usr-is-merged by netplan-generator'
Unpacking netplan-generator (1.1.1-1~ubuntu24.04.1) over (1.0.1-1ubuntu2~24.04.1) ...
Preparing to unpack .../57-python3-netplan_1.1.1-1~ubuntu24.04.1_amd64.deb ...
Unpacking python3-netplan (1.1.1-1~ubuntu24.04.1) over (1.0.1-1ubuntu2~24.04.1) ...
Preparing to unpack .../58-passwd_1%3a4.13+dfsg1-4ubuntu3.2_amd64.deb ...
Unpacking passwd (1:4.13+dfsg1-4ubuntu3.2) over (1:4.13+dfsg1-4ubuntu3) ...
Setting up passwd (1:4.13+dfsg1-4ubuntu3.2) ...
(Reading database ... 
(Reading database ... 5%
(Reading database ... 10%
(Reading database ... 15%
(Reading database ... 20%
(Reading database ... 25%
(Reading database ... 30%
(Reading database ... 35%
(Reading database ... 40%
(Reading database ... 45%
(Reading database ... 50%
(Reading database ... 55%
(Reading database ... 60%
(Reading database ... 65%
(Reading database ... 70%
(Reading database ... 75%
(Reading database ... 80%
(Reading database ... 85%
(Reading database ... 90%
(Reading database ... 95%
(Reading database ... 100%
(Reading database ... 274514 files and directories currently installed.)
Preparing to unpack .../00-ubuntu-minimal_1.539.2_amd64.deb ...
Unpacking ubuntu-minimal (1.539.2) over (1.539.1) ...
Preparing to unpack .../01-dracut-install_060+5-1ubuntu3.3_amd64.deb ...
Unpacking dracut-install (060+5-1ubuntu3.3) over (060+5-1ubuntu3.2) ...
Preparing to unpack .../02-initramfs-tools_0.142ubuntu25.5_all.deb ...
Unpacking initramfs-tools (0.142ubuntu25.5) over (0.142ubuntu25.1) ...
Preparing to unpack .../03-initramfs-tools-core_0.142ubuntu25.5_all.deb ...
Unpacking initramfs-tools-core (0.142ubuntu25.5) over (0.142ubuntu25.1) ...
Preparing to unpack .../04-initramfs-tools-bin_0.142ubuntu25.5_amd64.deb ...
Unpacking initramfs-tools-bin (0.142ubuntu25.5) over (0.142ubuntu25.1) ...
Preparing to unpack .../05-linux-base_4.5ubuntu9+24.04.1_all.deb ...
Unpacking linux-base (4.5ubuntu9+24.04.1) over (4.5ubuntu9) ...
Preparing to unpack .../06-netplan.io_1.1.1-1~ubuntu24.04.1_amd64.deb ...
Unpacking netplan.io (1.1.1-1~ubuntu24.04.1) over (1.0.1-1ubuntu2~24.04.1) ...
Preparing to unpack .../07-libnetplan1_1.1.1-1~ubuntu24.04.1_amd64.deb ...
Unpacking libnetplan1:amd64 (1.1.1-1~ubuntu24.04.1) over (1.0.1-1ubuntu2~24.04.1) ...
Preparing to unpack .../08-pkexec_124-2ubuntu1.24.04.2_amd64.deb ...
Unpacking pkexec (124-2ubuntu1.24.04.2) over (124-2ubuntu1) ...
Preparing to unpack .../09-polkitd_124-2ubuntu1.24.04.2_amd64.deb ...
Unpacking polkitd (124-2ubuntu1.24.04.2) over (124-2ubuntu1) ...
Preparing to unpack .../10-gir1.2-polkit-1.0_124-2ubuntu1.24.04.2_amd64.deb ...
Unpacking gir1.2-polkit-1.0 (124-2ubuntu1.24.04.2) over (124-2ubuntu1) ...
Preparing to unpack .../11-libpolkit-agent-1-0_124-2ubuntu1.24.04.2_amd64.deb ...
Unpacking libpolkit-agent-1-0:amd64 (124-2ubuntu1.24.04.2) over (124-2ubuntu1) ...
Preparing to unpack .../12-libpolkit-gobject-1-0_124-2ubuntu1.24.04.2_amd64.deb ...
Unpacking libpolkit-gobject-1-0:amd64 (124-2ubuntu1.24.04.2) over (124-2ubuntu1) ...
Preparing to unpack .../13-policykit-1_124-2ubuntu1.24.04.2_amd64.deb ...
Unpacking policykit-1 (124-2ubuntu1.24.04.2) over (124-2ubuntu1) ...
Preparing to unpack .../14-network-manager_1.46.0-1ubuntu2.2_amd64.deb ...
Unpacking network-manager (1.46.0-1ubuntu2.2) over (1.46.0-1ubuntu2) ...
Preparing to unpack .../15-libnm0_1.46.0-1ubuntu2.2_amd64.deb ...
Unpacking libnm0:amd64 (1.46.0-1ubuntu2.2) over (1.46.0-1ubuntu2) ...
Preparing to unpack .../16-gir1.2-soup-3.0_3.4.4-5ubuntu0.2_amd64.deb ...
Unpacking gir1.2-soup-3.0:amd64 (3.4.4-5ubuntu0.2) over (3.4.4-5ubuntu0.1) ...
Preparing to unpack .../17-libsoup-3.0-common_3.4.4-5ubuntu0.2_all.deb ...
Unpacking libsoup-3.0-common (3.4.4-5ubuntu0.2) over (3.4.4-5ubuntu0.1) ...
Preparing to unpack .../18-libnghttp2-14_1.59.0-1ubuntu0.2_amd64.deb ...
Unpacking libnghttp2-14:amd64 (1.59.0-1ubuntu0.2) over (1.59.0-1ubuntu0.1) ...
Preparing to unpack .../19-libsqlite3-0_3.45.1-1ubuntu2.1_amd64.deb ...
Unpacking libsqlite3-0:amd64 (3.45.1-1ubuntu2.1) over (3.45.1-1ubuntu2) ...
Preparing to unpack .../20-libsoup-3.0-0_3.4.4-5ubuntu0.2_amd64.deb ...
Unpacking libsoup-3.0-0:amd64 (3.4.4-5ubuntu0.2) over (3.4.4-5ubuntu0.1) ...
Preparing to unpack .../21-udisks2_2.10.1-6ubuntu1_amd64.deb ...
Unpacking udisks2 (2.10.1-6ubuntu1) over (2.10.1-6build1) ...
Preparing to unpack .../22-libudisks2-0_2.10.1-6ubuntu1_amd64.deb ...
Unpacking libudisks2-0:amd64 (2.10.1-6ubuntu1) over (2.10.1-6build1) ...
Preparing to unpack .../23-gnome-bluetooth-3-common_46.0-1ubuntu1_all.deb ...
Unpacking gnome-bluetooth-3-common (46.0-1ubuntu1) over (46.0-1build1) ...
Preparing to unpack .../24-libgnome-bluetooth-3.0-13_46.0-1ubuntu1_amd64.deb ...
Unpacking libgnome-bluetooth-3.0-13:amd64 (46.0-1ubuntu1) over (46.0-1build1) ...
Preparing to unpack .../25-gdm3_46.2-1ubuntu1~24.04.1_amd64.deb ...
Unpacking gdm3 (46.2-1ubuntu1~24.04.1) over (46.0-2ubuntu1) ...
Preparing to unpack .../26-libgdm1_46.2-1ubuntu1~24.04.1_amd64.deb ...
Unpacking libgdm1 (46.2-1ubuntu1~24.04.1) over (46.0-2ubuntu1) ...
Preparing to unpack .../27-gir1.2-gdm-1.0_46.2-1ubuntu1~24.04.1_amd64.deb ...
Unpacking gir1.2-gdm-1.0 (46.2-1ubuntu1~24.04.1) over (46.0-2ubuntu1) ...
Preparing to unpack .../28-gir1.2-gtk-4.0_4.14.2+ds-1ubuntu2_amd64.deb ...
Unpacking gir1.2-gtk-4.0:amd64 (4.14.2+ds-1ubuntu2) over (4.14.2+ds-1ubuntu1) ...
Preparing to unpack .../29-gir1.2-nm-1.0_1.46.0-1ubuntu2.2_amd64.deb ...
Unpacking gir1.2-nm-1.0:amd64 (1.46.0-1ubuntu2.2) over (1.46.0-1ubuntu2) ...
Preparing to unpack .../30-update-notifier_3.192.68.1_amd64.deb ...
Unpacking update-notifier (3.192.68.1) over (3.192.68build3) ...
Preparing to unpack .../31-update-notifier-common_3.192.68.1_all.deb ...
Unpacking update-notifier-common (3.192.68.1) over (3.192.68build3) ...
Preparing to unpack .../32-libattr1_1%3a2.5.2-1build1.1_amd64.deb ...
Unpacking libattr1:amd64 (1:2.5.2-1build1.1) over (1:2.5.2-1build1) ...
Setting up libattr1:amd64 (1:2.5.2-1build1.1) ...
(Reading database ... 
(Reading database ... 5%
(Reading database ... 10%
(Reading database ... 15%
(Reading database ... 20%
(Reading database ... 25%
(Reading database ... 30%
(Reading database ... 35%
(Reading database ... 40%
(Reading database ... 45%
(Reading database ... 50%
(Reading database ... 55%
(Reading database ... 60%
(Reading database ... 65%
(Reading database ... 70%
(Reading database ... 75%
(Reading database ... 80%
(Reading database ... 85%
(Reading database ... 90%
(Reading database ... 95%
(Reading database ... 100%
(Reading database ... 274598 files and directories currently installed.)
Preparing to unpack .../libgmp10_2%3a6.3.0+dfsg-2ubuntu6.1_amd64.deb ...
Unpacking libgmp10:amd64 (2:6.3.0+dfsg-2ubuntu6.1) over (2:6.3.0+dfsg-2ubuntu6) ...
Setting up libgmp10:amd64 (2:6.3.0+dfsg-2ubuntu6.1) ...
(Reading database ... 
(Reading database ... 5%
(Reading database ... 10%
(Reading database ... 15%
(Reading database ... 20%
(Reading database ... 25%
(Reading database ... 30%
(Reading database ... 35%
(Reading database ... 40%
(Reading database ... 45%
(Reading database ... 50%
(Reading database ... 55%
(Reading database ... 60%
(Reading database ... 65%
(Reading database ... 70%
(Reading database ... 75%
(Reading database ... 80%
(Reading database ... 85%
(Reading database ... 90%
(Reading database ... 95%
(Reading database ... 100%
(Reading database ... 274598 files and directories currently installed.)
Preparing to unpack .../libgpg-error-l10n_1.47-3build2.1_all.deb ...
Unpacking libgpg-error-l10n (1.47-3build2.1) over (1.47-3build2) ...
Preparing to unpack .../libgpg-error0_1.47-3build2.1_amd64.deb ...
Unpacking libgpg-error0:amd64 (1.47-3build2.1) over (1.47-3build2) ...
Setting up libgpg-error0:amd64 (1.47-3build2.1) ...
(Reading database ... 
(Reading database ... 5%
(Reading database ... 10%
(Reading database ... 15%
(Reading database ... 20%
(Reading database ... 25%
(Reading database ... 30%
(Reading database ... 35%
(Reading database ... 40%
(Reading database ... 45%
(Reading database ... 50%
(Reading database ... 55%
(Reading database ... 60%
(Reading database ... 65%
(Reading database ... 70%
(Reading database ... 75%
(Reading database ... 80%
(Reading database ... 85%
(Reading database ... 90%
(Reading database ... 95%
(Reading database ... 100%
(Reading database ... 274598 files and directories currently installed.)
Preparing to unpack .../000-dmsetup_2%3a1.02.185-3ubuntu3.2_amd64.deb ...
Unpacking dmsetup (2:1.02.185-3ubuntu3.2) over (2:1.02.185-3ubuntu3) ...
Preparing to unpack .../001-rsyslog_8.2312.0-3ubuntu9.1_amd64.deb ...
Unpacking rsyslog (8.2312.0-3ubuntu9.1) over (8.2312.0-3ubuntu9) ...
Preparing to unpack .../002-systemd-hwe-hwdb_255.1.4_all.deb ...
Unpacking systemd-hwe-hwdb (255.1.4) over (255.1.3) ...
Preparing to unpack .../003-apparmor_4.0.1really4.0.1-0ubuntu0.24.04.3_amd64.deb ...
Unpacking apparmor (4.0.1really4.0.1-0ubuntu0.24.04.3) over (4.0.1really4.0.0-beta3-0ubuntu0.1) ...
Preparing to unpack .../004-dmidecode_3.5-3ubuntu0.1_amd64.deb ...
Unpacking dmidecode (3.5-3ubuntu0.1) over (3.5-3build1) ...
Preparing to unpack .../005-libplymouth5_24.004.60-1ubuntu7.1_amd64.deb ...
Unpacking libplymouth5:amd64 (24.004.60-1ubuntu7.1) over (24.004.60-1ubuntu7) ...
Preparing to unpack .../006-mtr-tiny_0.95-1.1ubuntu0.1_amd64.deb ...
Unpacking mtr-tiny (0.95-1.1ubuntu0.1) over (0.95-1.1build2) ...
Preparing to unpack .../007-openssh-client_1%3a9.6p1-3ubuntu13.9_amd64.deb ...
Unpacking openssh-client (1:9.6p1-3ubuntu13.9) over (1:9.6p1-3ubuntu13.8) ...
Preparing to unpack .../008-pci.ids_0.0~2024.03.31-1ubuntu0.1_all.deb ...
Unpacking pci.ids (0.0~2024.03.31-1ubuntu0.1) over (0.0~2024.03.31-1) ...
Preparing to unpack .../009-libpackagekit-glib2-18_1.2.8-2ubuntu1.2_amd64.deb ...
Unpacking libpackagekit-glib2-18:amd64 (1.2.8-2ubuntu1.2) over (1.2.8-2build3) ...
Preparing to unpack .../010-gstreamer1.0-packagekit_1.2.8-2ubuntu1.2_amd64.deb ...
Unpacking gstreamer1.0-packagekit (1.2.8-2ubuntu1.2) over (1.2.8-2build3) ...
Preparing to unpack .../011-packagekit-tools_1.2.8-2ubuntu1.2_amd64.deb ...
Unpacking packagekit-tools (1.2.8-2ubuntu1.2) over (1.2.8-2build3) ...
Preparing to unpack .../012-packagekit_1.2.8-2ubuntu1.2_amd64.deb ...
Unpacking packagekit (1.2.8-2ubuntu1.2) over (1.2.8-2build3) ...
Preparing to unpack .../013-plymouth-theme-ubuntu-text_24.004.60-1ubuntu7.1_amd64.deb ...
Unpacking plymouth-theme-ubuntu-text (24.004.60-1ubuntu7.1) over (24.004.60-1ubuntu7) ...
Preparing to unpack .../014-plymouth-theme-spinner_24.004.60-1ubuntu7.1_amd64.deb ...
Unpacking plymouth-theme-spinner (24.004.60-1ubuntu7.1) over (24.004.60-1ubuntu7) ...
Preparing to unpack .../015-plymouth-label_24.004.60-1ubuntu7.1_amd64.deb ...
Unpacking plymouth-label (24.004.60-1ubuntu7.1) over (24.004.60-1ubuntu7) ...
Preparing to unpack .../016-plymouth_24.004.60-1ubuntu7.1_amd64.deb ...
Unpacking plymouth (24.004.60-1ubuntu7.1) over (24.004.60-1ubuntu7) ...
Preparing to unpack .../017-ubuntu-standard_1.539.2_amd64.deb ...
Unpacking ubuntu-standard (1.539.2) over (1.539.1) ...
Preparing to unpack .../018-alsa-ucm-conf_1.2.10-1ubuntu5.4_all.deb ...
Unpacking alsa-ucm-conf (1.2.10-1ubuntu5.4) over (1.2.10-1ubuntu5) ...
Preparing to unpack .../019-apport-gtk_2.28.1-0ubuntu3.5_all.deb ...
Unpacking apport-gtk (2.28.1-0ubuntu3.5) over (2.28.1-0ubuntu3.1) ...
Preparing to unpack .../020-bluez-cups_5.72-0ubuntu5.1_amd64.deb ...
Unpacking bluez-cups (5.72-0ubuntu5.1) over (5.72-0ubuntu5) ...
Preparing to unpack .../021-bluez-obexd_5.72-0ubuntu5.1_amd64.deb ...
Unpacking bluez-obexd (5.72-0ubuntu5.1) over (5.72-0ubuntu5) ...
Preparing to unpack .../022-bpftrace_0.20.2-1ubuntu4.3_amd64.deb ...
Unpacking bpftrace (0.20.2-1ubuntu4.3) over (0.20.2-1ubuntu4.2) ...
Preparing to unpack .../023-code_1.99.2-1744250061_amd64.deb ...
Unpacking code (1.99.2-1744250061) over (1.96.4-1736991114) ...
Preparing to unpack .../024-cups-browsed_2.0.0-0ubuntu10.3_amd64.deb ...
Unpacking cups-browsed (2.0.0-0ubuntu10.3) over (2.0.0-0ubuntu10.2) ...
Preparing to unpack .../025-dns-root-data_2024071801~ubuntu0.24.04.1_all.deb ...
Unpacking dns-root-data (2024071801~ubuntu0.24.04.1) over (2023112702~willsync1) ...
Preparing to unpack .../026-evince-common_46.3.1-0ubuntu1_all.deb ...
Unpacking evince-common (46.3.1-0ubuntu1) over (46.0-1build1) ...
Preparing to unpack .../027-evince_46.3.1-0ubuntu1_amd64.deb ...
Unpacking evince (46.3.1-0ubuntu1) over (46.0-1build1) ...
Preparing to unpack .../028-libevdocument3-4t64_46.3.1-0ubuntu1_amd64.deb ...
Unpacking libevdocument3-4t64:amd64 (46.3.1-0ubuntu1) over (46.0-1build1) ...
Preparing to unpack .../029-libevview3-3t64_46.3.1-0ubuntu1_amd64.deb ...
Unpacking libevview3-3t64:amd64 (46.3.1-0ubuntu1) over (46.0-1build1) ...
Preparing to unpack .../030-fonts-noto-color-emoji_2.047-0ubuntu0.24.04.1_all.deb ...
Unpacking fonts-noto-color-emoji (2.047-0ubuntu0.24.04.1) over (2.042-1) ...
Preparing to unpack .../031-libfwupd2_1.9.28-0ubuntu1~24.04.1_amd64.deb ...
Unpacking libfwupd2:amd64 (1.9.28-0ubuntu1~24.04.1) over (1.9.16-1) ...
Preparing to unpack .../032-fwupd_1.9.28-0ubuntu1~24.04.1_amd64.deb ...
Unpacking fwupd (1.9.28-0ubuntu1~24.04.1) over (1.9.16-1) ...
Preparing to unpack .../033-gir1.2-packagekitglib-1.0_1.2.8-2ubuntu1.2_amd64.deb ...
Unpacking gir1.2-packagekitglib-1.0 (1.2.8-2ubuntu1.2) over (1.2.8-2build3) ...
Preparing to unpack .../034-gir1.2-udisks-2.0_2.10.1-6ubuntu1_amd64.deb ...
Unpacking gir1.2-udisks-2.0:amd64 (2.10.1-6ubuntu1) over (2.10.1-6build1) ...
Preparing to unpack .../035-gnome-bluetooth-sendto_46.0-1ubuntu1_amd64.deb ...
Unpacking gnome-bluetooth-sendto (46.0-1ubuntu1) over (46.0-1build1) ...
Preparing to unpack .../036-gnome-calendar_46.1-0ubuntu2_amd64.deb ...
Unpacking gnome-calendar (46.1-0ubuntu2) over (46.1-0ubuntu1) ...
Preparing to unpack .../037-gnome-control-center-faces_1%3a46.5-0ubuntu0.24.04.1_all.deb ...
Unpacking gnome-control-center-faces (1:46.5-0ubuntu0.24.04.1) over (1:46.0.1-1ubuntu7) ...
Preparing to unpack .../038-gnome-initial-setup_46.3-1ubuntu3~24.04.1_amd64.deb ...
Unpacking gnome-initial-setup (46.3-1ubuntu3~24.04.1) over (46.2-1ubuntu0.24.04.1) ...
Preparing to unpack .../039-gnome-shell-extension-appindicator_58-1ubuntu24.04.1_all.deb ...
Unpacking gnome-shell-extension-appindicator (58-1ubuntu24.04.1) over (58-1) ...
Preparing to unpack .../040-nautilus_1%3a46.2-0ubuntu0.3_amd64.deb ...
Unpacking nautilus (1:46.2-0ubuntu0.3) over (1:46.2-0ubuntu0.2) ...
Preparing to unpack .../041-libnautilus-extension4_1%3a46.2-0ubuntu0.3_amd64.deb ...
Unpacking libnautilus-extension4:amd64 (1:46.2-0ubuntu0.3) over (1:46.2-0ubuntu0.2) ...
Preparing to unpack .../042-nautilus-data_1%3a46.2-0ubuntu0.3_all.deb ...
Unpacking nautilus-data (1:46.2-0ubuntu0.3) over (1:46.2-0ubuntu0.2) ...
Preparing to unpack .../043-gnome-shell-extension-desktop-icons-ng_46+really47.0.9-1ubuntu1_all.deb ...
Unpacking gnome-shell-extension-desktop-icons-ng (46+really47.0.9-1ubuntu1) over (46+really47.0.9-1) ...
Preparing to unpack .../044-gnome-shell-extension-ubuntu-dock_90ubuntu2_all.deb ...
Unpacking gnome-shell-extension-ubuntu-dock (90ubuntu2) over (90ubuntu1) ...
Preparing to unpack .../045-gtk-update-icon-cache_3.24.41-4ubuntu1.2_amd64.deb ...
Unpacking gtk-update-icon-cache (3.24.41-4ubuntu1.2) over (3.24.41-4ubuntu1.1) ...
Preparing to unpack .../046-ldap-utils_2.6.7+dfsg-1~exp1ubuntu8.2_amd64.deb ...
Unpacking ldap-utils (2.6.7+dfsg-1~exp1ubuntu8.2) over (2.6.7+dfsg-1~exp1ubuntu8) ...
Preparing to unpack .../047-libldap2_2.6.7+dfsg-1~exp1ubuntu8.2_amd64.deb ...
Unpacking libldap2:amd64 (2.6.7+dfsg-1~exp1ubuntu8.2) over (2.6.7+dfsg-1~exp1ubuntu8) ...
Preparing to unpack .../048-libboost-iostreams1.83.0_1.83.0-2.1ubuntu3.1_amd64.deb ...
Unpacking libboost-iostreams1.83.0:amd64 (1.83.0-2.1ubuntu3.1) over (1.83.0-2.1ubuntu3) ...
Preparing to unpack .../049-libboost-thread1.83.0_1.83.0-2.1ubuntu3.1_amd64.deb ...
Unpacking libboost-thread1.83.0:amd64 (1.83.0-2.1ubuntu3.1) over (1.83.0-2.1ubuntu3) ...
Preparing to unpack .../050-libboost-locale1.83.0_1.83.0-2.1ubuntu3.1_amd64.deb ...
Unpacking libboost-locale1.83.0:amd64 (1.83.0-2.1ubuntu3.1) over (1.83.0-2.1ubuntu3) ...
Preparing to unpack .../051-libfprint-2-tod1_1%3a1.94.7+tod1-0ubuntu5~24.04.3_amd64.deb ...
Unpacking libfprint-2-tod1:amd64 (1:1.94.7+tod1-0ubuntu5~24.04.3) over (1:1.94.7+tod1-0ubuntu5~24.04.1) ...
Preparing to unpack .../052-libfprint-2-2_1%3a1.94.7+tod1-0ubuntu5~24.04.3_amd64.deb ...
Unpacking libfprint-2-2 (1:1.94.7+tod1-0ubuntu5~24.04.3) over (1:1.94.7+tod1-0ubuntu5~24.04.1) ...
Preparing to unpack .../053-libgtk-3-bin_3.24.41-4ubuntu1.2_amd64.deb ...
Unpacking libgtk-3-bin (3.24.41-4ubuntu1.2) over (3.24.41-4ubuntu1.1) ...
Preparing to unpack .../054-libgtk-4-bin_4.14.2+ds-1ubuntu2_amd64.deb ...
Unpacking libgtk-4-bin (4.14.2+ds-1ubuntu2) over (4.14.2+ds-1ubuntu1) ...
Preparing to unpack .../055-sssd_2.9.4-1.1ubuntu6.2_amd64.deb ...
Unpacking sssd (2.9.4-1.1ubuntu6.2) over (2.9.4-1.1ubuntu6.1) ...
Preparing to unpack .../056-python3-sss_2.9.4-1.1ubuntu6.2_amd64.deb ...
Unpacking python3-sss (2.9.4-1.1ubuntu6.2) over (2.9.4-1.1ubuntu6.1) ...
Preparing to unpack .../057-libsss-certmap0_2.9.4-1.1ubuntu6.2_amd64.deb ...
Unpacking libsss-certmap0 (2.9.4-1.1ubuntu6.2) over (2.9.4-1.1ubuntu6.1) ...
Preparing to unpack .../058-sssd-proxy_2.9.4-1.1ubuntu6.2_amd64.deb ...
Unpacking sssd-proxy (2.9.4-1.1ubuntu6.2) over (2.9.4-1.1ubuntu6.1) ...
Preparing to unpack .../059-sssd-krb5_2.9.4-1.1ubuntu6.2_amd64.deb ...
Unpacking sssd-krb5 (2.9.4-1.1ubuntu6.2) over (2.9.4-1.1ubuntu6.1) ...
Preparing to unpack .../060-sssd-ad_2.9.4-1.1ubuntu6.2_amd64.deb ...
Unpacking sssd-ad (2.9.4-1.1ubuntu6.2) over (2.9.4-1.1ubuntu6.1) ...
Preparing to unpack .../061-sssd-ldap_2.9.4-1.1ubuntu6.2_amd64.deb ...
Unpacking sssd-ldap (2.9.4-1.1ubuntu6.2) over (2.9.4-1.1ubuntu6.1) ...
Preparing to unpack .../062-sssd-ipa_2.9.4-1.1ubuntu6.2_amd64.deb ...
Unpacking sssd-ipa (2.9.4-1.1ubuntu6.2) over (2.9.4-1.1ubuntu6.1) ...
Preparing to unpack .../063-sssd-krb5-common_2.9.4-1.1ubuntu6.2_amd64.deb ...
Unpacking sssd-krb5-common (2.9.4-1.1ubuntu6.2) over (2.9.4-1.1ubuntu6.1) ...
Preparing to unpack .../064-sssd-ad-common_2.9.4-1.1ubuntu6.2_amd64.deb ...
Unpacking sssd-ad-common (2.9.4-1.1ubuntu6.2) over (2.9.4-1.1ubuntu6.1) ...
Preparing to unpack .../065-sssd-common_2.9.4-1.1ubuntu6.2_amd64.deb ...
Unpacking sssd-common (2.9.4-1.1ubuntu6.2) over (2.9.4-1.1ubuntu6.1) ...
Preparing to unpack .../066-libnss-sss_2.9.4-1.1ubuntu6.2_amd64.deb ...
Unpacking libnss-sss:amd64 (2.9.4-1.1ubuntu6.2) over (2.9.4-1.1ubuntu6.1) ...
Preparing to unpack .../067-libpam-sss_2.9.4-1.1ubuntu6.2_amd64.deb ...
Unpacking libpam-sss:amd64 (2.9.4-1.1ubuntu6.2) over (2.9.4-1.1ubuntu6.1) ...
Preparing to unpack .../068-libnfsidmap1_1%3a2.6.4-3ubuntu5.1_amd64.deb ...
Unpacking libnfsidmap1:amd64 (1:2.6.4-3ubuntu5.1) over (1:2.6.4-3ubuntu5) ...
Preparing to unpack .../069-libsss-nss-idmap0_2.9.4-1.1ubuntu6.2_amd64.deb ...
Unpacking libsss-nss-idmap0 (2.9.4-1.1ubuntu6.2) over (2.9.4-1.1ubuntu6.1) ...
Preparing to unpack .../070-libsss-idmap0_2.9.4-1.1ubuntu6.2_amd64.deb ...
Unpacking libsss-idmap0 (2.9.4-1.1ubuntu6.2) over (2.9.4-1.1ubuntu6.1) ...
Preparing to unpack .../071-libipa-hbac0t64_2.9.4-1.1ubuntu6.2_amd64.deb ...
Unpacking libipa-hbac0t64 (2.9.4-1.1ubuntu6.2) over (2.9.4-1.1ubuntu6.1) ...
Preparing to unpack .../072-libisl23_0.26-3build1.1_amd64.deb ...
Unpacking libisl23:amd64 (0.26-3build1.1) over (0.26-3build1) ...
Preparing to unpack .../073-libldap-common_2.6.7+dfsg-1~exp1ubuntu8.2_all.deb ...
Unpacking libldap-common (2.6.7+dfsg-1~exp1ubuntu8.2) over (2.6.7+dfsg-1~exp1ubuntu8) ...
Preparing to unpack .../074-libmpfr6_4.2.1-1build1.1_amd64.deb ...
Unpacking libmpfr6:amd64 (4.2.1-1build1.1) over (4.2.1-1build1) ...
Preparing to unpack .../075-libnvme1t64_1.8-3ubuntu1_amd64.deb ...
Unpacking libnvme1t64 (1.8-3ubuntu1) over (1.8-3build1) ...
Preparing to unpack .../076-libpipewire-0.3-common_1.0.5-1ubuntu3_all.deb ...
Unpacking libpipewire-0.3-common (1.0.5-1ubuntu3) over (1.0.5-1ubuntu1) ...
Preparing to unpack .../077-libsnmp-base_5.9.4+dfsg-1.1ubuntu3.1_all.deb ...
Unpacking libsnmp-base (5.9.4+dfsg-1.1ubuntu3.1) over (5.9.4+dfsg-1.1ubuntu3) ...
Preparing to unpack .../078-libsnmp40t64_5.9.4+dfsg-1.1ubuntu3.1_amd64.deb ...
Unpacking libsnmp40t64:amd64 (5.9.4+dfsg-1.1ubuntu3.1) over (5.9.4+dfsg-1.1ubuntu3) ...
Preparing to unpack .../079-libsoup2.4-common_2.74.3-6ubuntu1.2_all.deb ...
Unpacking libsoup2.4-common (2.74.3-6ubuntu1.2) over (2.74.3-6ubuntu1.1) ...
Preparing to unpack .../080-libsoup-2.4-1_2.74.3-6ubuntu1.2_amd64.deb ...
Unpacking libsoup-2.4-1:amd64 (2.74.3-6ubuntu1.2) over (2.74.3-6ubuntu1.1) ...
Preparing to unpack .../081-libspeex1_1.2.1-2ubuntu2.24.04.1_amd64.deb ...
Unpacking libspeex1:amd64 (1.2.1-2ubuntu2.24.04.1) over (1.2.1-2ubuntu2) ...
Preparing to unpack .../082-lp-solve_5.5.2.5-2ubuntu0.1_amd64.deb ...
Unpacking lp-solve (5.5.2.5-2ubuntu0.1) over (5.5.2.5-2build4) ...
Preparing to unpack .../083-mongodb-database-tools_100.12.0_amd64.deb ...
Unpacking mongodb-database-tools (100.12.0) over (100.11.0) ...
Preparing to unpack .../084-mongodb-mongosh_2.5.0_amd64.deb ...
Unpacking mongodb-mongosh (2.5.0) over (2.4.0) ...
Preparing to unpack .../085-mongodb-org-shell_8.0.6_amd64.deb ...
Unpacking mongodb-org-shell (8.0.6) over (8.0.5) ...
Preparing to unpack .../086-mongodb-org-server_8.0.6_amd64.deb ...
Unpacking mongodb-org-server (8.0.6) over (8.0.5) ...
Preparing to unpack .../087-mongodb-org-mongos_8.0.6_amd64.deb ...
Unpacking mongodb-org-mongos (8.0.6) over (8.0.5) ...
Preparing to unpack .../088-mongodb-org-database-tools-extra_8.0.6_amd64.deb ...
Unpacking mongodb-org-database-tools-extra (8.0.6) over (8.0.5) ...
Preparing to unpack .../089-mongodb-org-database_8.0.6_amd64.deb ...
Unpacking mongodb-org-database (8.0.6) over (8.0.5) ...
Preparing to unpack .../090-mongodb-org-tools_8.0.6_amd64.deb ...
Unpacking mongodb-org-tools (8.0.6) over (8.0.5) ...
Preparing to unpack .../091-mongodb-org_8.0.6_amd64.deb ...
Unpacking mongodb-org (8.0.6) over (8.0.5) ...
Preparing to unpack .../092-network-manager-config-connectivity-ubuntu_1.46.0-1ubuntu2.2_all.deb ...
Unpacking network-manager-config-connectivity-ubuntu (1.46.0-1ubuntu2.2) over (1.46.0-1ubuntu2) ...
Preparing to unpack .../093-pipewire-audio_1.0.5-1ubuntu3_all.deb ...
Unpacking pipewire-audio (1.0.5-1ubuntu3) over (1.0.5-1ubuntu1) ...
Preparing to unpack .../094-python3-paramiko_2.12.0-2ubuntu4.1_all.deb ...
Unpacking python3-paramiko (2.12.0-2ubuntu4.1) over (2.12.0-2ubuntu4) ...
Preparing to unpack .../095-software-properties-common_0.99.49.2_all.deb ...
Unpacking software-properties-common (0.99.49.2) over (0.99.48) ...
Preparing to unpack .../096-software-properties-gtk_0.99.49.2_all.deb ...
Unpacking software-properties-gtk (0.99.49.2) over (0.99.48) ...
Preparing to unpack .../097-python3-software-properties_0.99.49.2_all.deb ...
Unpacking python3-software-properties (0.99.49.2) over (0.99.48) ...
Preparing to unpack .../098-shotwell-common_0.32.6-1ubuntu3_all.deb ...
Unpacking shotwell-common (0.32.6-1ubuntu3) over (0.32.6-1ubuntu1) ...
Preparing to unpack .../099-shotwell_0.32.6-1ubuntu3_amd64.deb ...
Unpacking shotwell (0.32.6-1ubuntu3) over (0.32.6-1ubuntu1) ...
Preparing to unpack .../100-snapd_2.67.1+24.04_amd64.deb ...
Unpacking snapd (2.67.1+24.04) over (2.63.1+24.04) ...
Preparing to unpack .../101-thermald_2.5.6-2ubuntu0.24.04.2_amd64.deb ...
Unpacking thermald (2.5.6-2ubuntu0.24.04.2) over (2.5.6-2ubuntu0.24.04.1) ...
Preparing to unpack .../102-ubuntu-settings_24.04.5_all.deb ...
Unpacking ubuntu-settings (24.04.5) over (24.04.4) ...
Preparing to unpack .../103-zip_3.0-13ubuntu0.2_amd64.deb ...
Unpacking zip (3.0-13ubuntu0.2) over (3.0-13build1) ...
Preparing to unpack .../104-ubuntu-desktop-minimal_1.539.2_amd64.deb ...
Unpacking ubuntu-desktop-minimal (1.539.2) over (1.539.1) ...
Preparing to unpack .../105-ubuntu-desktop_1.539.2_amd64.deb ...
Unpacking ubuntu-desktop (1.539.2) over (1.539.1) ...
Preparing to unpack .../106-ubuntu-kernel-accessories_1.539.2_amd64.deb ...
Unpacking ubuntu-kernel-accessories (1.539.2) over (1.539.1) ...
Preparing to unpack .../107-xdg-desktop-portal_1.18.4-1ubuntu2.24.04.1_amd64.deb ...
Unpacking xdg-desktop-portal (1.18.4-1ubuntu2.24.04.1) over (1.18.4-1ubuntu2) ...
Preparing to unpack .../108-xserver-xephyr_2%3a21.1.12-1ubuntu1.3_amd64.deb ...
Unpacking xserver-xephyr (2:21.1.12-1ubuntu1.3) over (2:21.1.12-1ubuntu1.2) ...
Preparing to unpack .../109-cloud-init_24.4.1-0ubuntu0~24.04.2_all.deb ...
Unpacking cloud-init (24.4.1-0ubuntu0~24.04.2) over (24.1.3-0ubuntu3.3) ...
dpkg: warning: unable to delete old directory '/etc/systemd/system/sshd-keygen@.service.d': Directory not empty
Preparing to unpack .../110-libmpc3_1.3.1-1build1.1_amd64.deb ...
Unpacking libmpc3:amd64 (1.3.1-1build1.1) over (1.3.1-1build1) ...
Setting up mongodb-mongosh (2.5.0) ...
Setting up libpipewire-0.3-common (1.0.5-1ubuntu3) ...
Setting up cups-browsed (2.0.0-0ubuntu10.3) ...

Setting up gtk-update-icon-cache (3.24.41-4ubuntu1.2) ...
Setting up ubuntu-kernel-accessories (1.539.2) ...
Setting up libapparmor1:amd64 (4.0.1really4.0.1-0ubuntu0.24.04.3) ...
Setting up pci.ids (0.0~2024.03.31-1ubuntu0.1) ...
Setting up linux-base (4.5ubuntu9+24.04.1) ...
Setting up libsss-idmap0 (2.9.4-1.1ubuntu6.2) ...
Setting up libspeex1:amd64 (1.2.1-2ubuntu2.24.04.1) ...
Setting up bpftrace (0.20.2-1ubuntu4.3) ...
Setting up libgdm1 (46.2-1ubuntu1~24.04.1) ...
Setting up libipa-hbac0t64 (2.9.4-1.1ubuntu6.2) ...
Setting up alsa-ucm-conf (1.2.10-1ubuntu5.4) ...
Setting up fonts-noto-color-emoji (2.047-0ubuntu0.24.04.1) ...
Setting up libpulse0:amd64 (1:16.1+dfsg1-2ubuntu10.1) ...
Setting up evince-common (46.3.1-0ubuntu1) ...
Setting up shotwell-common (0.32.6-1ubuntu3) ...
Setting up python3-problem-report (2.28.1-0ubuntu3.5) ...
Setting up distro-info-data (0.60ubuntu0.2) ...
Setting up openssh-client (1:9.6p1-3ubuntu13.9) ...
Setting up libsnmp-base (5.9.4+dfsg-1.1ubuntu3.1) ...
Setting up libfprint-2-tod1:amd64 (1:1.94.7+tod1-0ubuntu5~24.04.3) ...
Setting up mongodb-org-server (8.0.6) ...
Setting up libsqlite3-0:amd64 (3.45.1-1ubuntu2.1) ...
Setting up libfwupd2:amd64 (1.9.28-0ubuntu1~24.04.1) ...
Setting up rsyslog (8.2312.0-3ubuntu9.1) ...
Installing new version of config file /etc/apparmor.d/usr.sbin.rsyslogd ...
info: The user `syslog' is already a member of `adm'.
Setting up lp-solve (5.5.2.5-2ubuntu0.1) ...
Setting up libnghttp2-14:amd64 (1.59.0-1ubuntu0.2) ...
Setting up libboost-thread1.83.0:amd64 (1.83.0-2.1ubuntu3.1) ...
Setting up libpackagekit-glib2-18:amd64 (1.2.8-2ubuntu1.2) ...
Setting up gnome-shell-common (46.0-0ubuntu6~24.04.8) ...
Setting up systemd-dev (255.4-1ubuntu8.6) ...
Setting up libsoup-3.0-common (3.4.4-5ubuntu0.2) ...
Setting up nautilus-data (1:46.2-0ubuntu0.3) ...
Setting up libnetplan1:amd64 (1.1.1-1~ubuntu24.04.1) ...
Setting up libldap-common (2.6.7+dfsg-1~exp1ubuntu8.2) ...
Setting up libunwind8:amd64 (1.6.2-3build1.1) ...
Setting up python3-sss (2.9.4-1.1ubuntu6.2) ...
Setting up libsss-certmap0 (2.9.4-1.1ubuntu6.2) ...
Setting up bluez-obexd (5.72-0ubuntu5.1) ...
Setting up acl (2.3.2-1build1.1) ...
Setting up libinput-bin (1.25.0-1ubuntu3) ...
Setting up dns-root-data (2024071801~ubuntu0.24.04.1) ...
Setting up apparmor (4.0.1really4.0.1-0ubuntu0.24.04.3) ...
Installing new version of config file /etc/apparmor.d/abstractions/authentication ...
Installing new version of config file /etc/apparmor.d/abstractions/samba ...
Installing new version of config file /etc/apparmor.d/firefox ...

/var/lib/dpkg/info/apparmor.postinst: 148: [: Illegal number: yes
Reloading AppArmor profiles 
Warning: found usr.sbin.sssd in /etc/apparmor.d/force-complain, forcing complain mode
Warning from /etc/apparmor.d (/etc/apparmor.d/usr.sbin.sssd line 63): Caching disabled for: 'usr.sbin.sssd' due to force complain

Setting up gir1.2-packagekitglib-1.0 (1.2.8-2ubuntu1.2) ...
Setting up zip (3.0-13ubuntu0.2) ...
Setting up mutter-common (46.2-1ubuntu0.24.04.7) ...
Setting up mongodb-org-shell (8.0.6) ...
Setting up gnome-control-center-data (1:46.5-0ubuntu0.24.04.1) ...
Setting up libnvme1t64 (1.8-3ubuntu1) ...
Setting up mtr-tiny (0.95-1.1ubuntu0.1) ...
Setting up libmpfr6:amd64 (4.2.1-1build1.1) ...
Setting up libspa-0.2-modules:amd64 (1.0.5-1ubuntu3) ...
Setting up gnome-bluetooth-3-common (46.0-1ubuntu1) ...
Setting up libboost-iostreams1.83.0:amd64 (1.83.0-2.1ubuntu3.1) ...
Setting up libpulse-mainloop-glib0:amd64 (1:16.1+dfsg1-2ubuntu10.1) ...
Setting up perl-modules-5.38 (5.38.2-3.2build2.1) ...
Setting up libproc2-0:amd64 (2:4.0.4-4ubuntu3.2) ...
Setting up libmpc3:amd64 (1.3.1-1build1.1) ...
Setting up libnautilus-extension4:amd64 (1:46.2-0ubuntu0.3) ...
Setting up mongodb-database-tools (100.12.0) ...
Setting up mongodb-org-mongos (8.0.6) ...
Setting up libnm0:amd64 (1.46.0-1ubuntu2.2) ...
Setting up mongodb-org-database-tools-extra (8.0.6) ...
Setting up libsoup2.4-common (2.74.3-6ubuntu1.2) ...
Setting up libdevmapper1.02.1:amd64 (2:1.02.185-3ubuntu3.2) ...
Setting up python-apt-common (2.7.7ubuntu4) ...
Setting up bluez-cups (5.72-0ubuntu5.1) ...
Setting up dmsetup (2:1.02.185-3ubuntu3.2) ...
Setting up gnome-control-center-faces (1:46.5-0ubuntu0.24.04.1) ...
Setting up libbluetooth3:amd64 (5.72-0ubuntu5.1) ...
Setting up libplymouth5:amd64 (24.004.60-1ubuntu7.1) ...
Setting up procps (2:4.0.4-4ubuntu3.2) ...
Setting up libspa-0.2-bluetooth:amd64 (1.0.5-1ubuntu3) ...
Setting up python3-netplan (1.1.1-1~ubuntu24.04.1) ...
Setting up libcryptsetup12:amd64 (2:2.7.0-1ubuntu4.2) ...
Setting up libsoup-2.4-1:amd64 (2.74.3-6ubuntu1.2) ...
Setting up libperl5.38t64:amd64 (5.38.2-3.2build2.1) ...
Setting up xserver-common (2:21.1.12-1ubuntu1.3) ...
Setting up libgtk-4-common (4.14.2+ds-1ubuntu2) ...
Setting up dmidecode (3.5-3ubuntu0.1) ...
Setting up python3-paramiko (2.12.0-2ubuntu4.1) ...
Setting up gir1.2-nm-1.0:amd64 (1.46.0-1ubuntu2.2) ...
Setting up libisl23:amd64 (0.26-3build1.1) ...
Setting up libgpg-error-l10n (1.47-3build2.1) ...
Setting up libsss-nss-idmap0 (2.9.4-1.1ubuntu6.2) ...
Setting up xserver-xorg-legacy (2:21.1.12-1ubuntu1.3) ...
setting xserver-xorg-legacy/xwrapper/allowed_users from configuration file
Setting up thermald (2.5.6-2ubuntu0.24.04.2) ...
Setting up libpam-sss:amd64 (2.9.4-1.1ubuntu6.2) ...
Setting up libpipewire-0.3-0t64:amd64 (1.0.5-1ubuntu3) ...
Setting up libldap2:amd64 (2.6.7+dfsg-1~exp1ubuntu8.2) ...
Setting up libpolkit-gobject-1-0:amd64 (124-2ubuntu1.24.04.2) ...
Setting up libgtk-3-common (3.24.41-4ubuntu1.2) ...
Setting up libudisks2-0:amd64 (2.10.1-6ubuntu1) ...
Setting up libkmod2:amd64 (31+20240202-2ubuntu7.1) ...
Setting up libmalcontent-0-0:amd64 (0.11.1-1ubuntu1.1) ...
Setting up initramfs-tools-bin (0.142ubuntu25.5) ...
Setting up libnss-sss:amd64 (2.9.4-1.1ubuntu6.2) ...
Setting up libfprint-2-2 (1:1.94.7+tod1-0ubuntu5~24.04.3) ...
Setting up libinput10:amd64 (1.25.0-1ubuntu3) ...
Setting up libnfsidmap1:amd64 (1:2.6.4-3ubuntu5.1) ...
Setting up libsnmp40t64:amd64 (5.9.4+dfsg-1.1ubuntu3.1) ...
Setting up xdg-desktop-portal (1.18.4-1ubuntu2.24.04.1) ...
Setting up mongodb-org-database (8.0.6) ...
Setting up python3-apt (2.7.7ubuntu4) ...
Setting up gir1.2-udisks-2.0:amd64 (2.10.1-6ubuntu1) ...
Setting up libsoup-3.0-0:amd64 (3.4.4-5ubuntu0.2) ...
Setting up libgnome-bluetooth-3.0-13:amd64 (46.0-1ubuntu1) ...
Setting up libboost-locale1.83.0:amd64 (1.83.0-2.1ubuntu3.1) ...
Setting up sssd-common (2.9.4-1.1ubuntu6.2) ...
Warning: found usr.sbin.sssd in /etc/apparmor.d/force-complain, forcing complain mode
Warning from /etc/apparmor.d/usr.sbin.sssd (/etc/apparmor.d/usr.sbin.sssd line 63): Caching disabled for: 'usr.sbin.sssd' due to force complain
sssd-autofs.service is a disabled or a static unit not running, not starting it.
sssd-nss.service is a disabled or a static unit not running, not starting it.
sssd-pam.service is a disabled or a static unit not running, not starting it.
sssd-ssh.service is a disabled or a static unit not running, not starting it.
sssd-sudo.service is a disabled or a static unit not running, not starting it.
Could not execute systemctl:  at /usr/bin/deb-systemd-invoke line 148.
Setting up sssd-proxy (2.9.4-1.1ubuntu6.2) ...
Setting up kmod (31+20240202-2ubuntu7.1) ...
Setting up ldap-utils (2.6.7+dfsg-1~exp1ubuntu8.2) ...
Setting up python3-apport (2.28.1-0ubuntu3.5) ...
Setting up libpipewire-0.3-modules:amd64 (1.0.5-1ubuntu3) ...
Setting up perl (5.38.2-3.2build2.1) ...
Setting up python3-software-properties (0.99.49.2) ...
Setting up xserver-xephyr (2:21.1.12-1ubuntu1.3) ...
Setting up sssd-ad-common (2.9.4-1.1ubuntu6.2) ...
sssd-pac.service is a disabled or a static unit not running, not starting it.
Could not execute systemctl:  at /usr/bin/deb-systemd-invoke line 148.
Setting up sssd-krb5-common (2.9.4-1.1ubuntu6.2) ...
Setting up mongodb-org-tools (8.0.6) ...
Setting up libsystemd-shared:amd64 (255.4-1ubuntu8.6) ...
Setting up gir1.2-soup-3.0:amd64 (3.4.4-5ubuntu0.2) ...
Setting up dracut-install (060+5-1ubuntu3.3) ...
Setting up mongodb-org (8.0.6) ...
Setting up sssd-krb5 (2.9.4-1.1ubuntu6.2) ...
Setting up libpolkit-agent-1-0:amd64 (124-2ubuntu1.24.04.2) ...
Setting up gir1.2-gnomebluetooth-3.0:amd64 (46.0-1ubuntu1) ...
Setting up sssd-ldap (2.9.4-1.1ubuntu6.2) ...
Setting up ubuntu-pro-client (34~24.04) ...
Installing new version of config file /etc/apparmor.d/ubuntu_pro_apt_news ...
Installing new version of config file /etc/apt/apt.conf.d/20apt-esm-hook.conf ...
Setting up ubuntu-pro-client-l10n (34~24.04) ...
Setting up sssd-ad (2.9.4-1.1ubuntu6.2) ...
Setting up systemd (255.4-1ubuntu8.6) ...
Setting up pipewire-bin (1.0.5-1ubuntu3) ...
Setting up sssd-ipa (2.9.4-1.1ubuntu6.2) ...
Setting up systemd-timesyncd (255.4-1ubuntu8.6) ...
Setting up udev (255.4-1ubuntu8.6) ...
Setting up systemd-hwe-hwdb (255.1.4) ...
Setting up gir1.2-polkit-1.0 (124-2ubuntu1.24.04.2) ...
Setting up systemd-oomd (255.4-1ubuntu8.6) ...
Setting up sssd (2.9.4-1.1ubuntu6.2) ...
Setting up netplan-generator (1.1.1-1~ubuntu24.04.1) ...
Removing 'diversion of /lib/systemd/system-generators/netplan to /lib/systemd/system-generators/netplan.usr-is-merged by netplan-generator'
Setting up pipewire:amd64 (1.0.5-1ubuntu3) ...
Setting up initramfs-tools-core (0.142ubuntu25.5) ...
Setting up fwupd (1.9.28-0ubuntu1~24.04.1) ...
fwupd-offline-update.service is a disabled or a static unit not running, not starting it.
fwupd-refresh.service is a disabled or a static unit not running, not starting it.
Setting up systemd-resolved (255.4-1ubuntu8.6) ...
Setting up snapd (2.67.1+24.04) ...
Installing new version of config file /etc/apparmor.d/usr.lib.snapd.snap-confine.real ...
snapd.failure.service is a disabled or a static unit not running, not starting it.
snapd.snap-repair.service is a disabled or a static unit not running, not starting it.
Setting up udisks2 (2.10.1-6ubuntu1) ...
Setting up systemd-sysv (255.4-1ubuntu8.6) ...
Setting up initramfs-tools (0.142ubuntu25.5) ...
update-initramfs: deferring update (trigger activated)
Setting up plymouth (24.004.60-1ubuntu7.1) ...
update-initramfs: Generating /boot/initrd.img-6.11.0-21-generic
update-initramfs: Generating /boot/initrd.img-6.11.0-19-generic
update-rc.d: warning: start and stop actions are no longer supported; falling back to defaults
update-rc.d: warning: start and stop actions are no longer supported; falling back to defaults
Setting up xserver-xorg-core (2:21.1.12-1ubuntu1.3) ...
Setting up libnss-systemd:amd64 (255.4-1ubuntu8.6) ...
Setting up gstreamer1.0-pipewire:amd64 (1.0.5-1ubuntu3) ...
Setting up netplan.io (1.1.1-1~ubuntu24.04.1) ...
Setting up bluez (5.72-0ubuntu5.1) ...
Setting up plymouth-theme-ubuntu-text (24.004.60-1ubuntu7.1) ...
update-initramfs: deferring update (trigger activated)
Setting up pipewire-alsa:amd64 (1.0.5-1ubuntu3) ...
Setting up libpam-systemd:amd64 (255.4-1ubuntu8.6) ...
Setting up pipewire-pulse (1.0.5-1ubuntu3) ...
Setting up polkitd (124-2ubuntu1.24.04.2) ...
Setting up plymouth-label (24.004.60-1ubuntu7.1) ...
Setting up cloud-init (24.4.1-0ubuntu0~24.04.2) ...
Installing new version of config file /etc/cloud/cloud.cfg ...
Installing new version of config file /etc/cloud/templates/sources.list.ubuntu.deb822.tmpl ...
Setting up ubuntu-minimal (1.539.2) ...
Setting up ubuntu-standard (1.539.2) ...
Setting up pipewire-audio (1.0.5-1ubuntu3) ...
Setting up plymouth-theme-spinner (24.004.60-1ubuntu7.1) ...
update-initramfs: deferring update (trigger activated)
Sourcing file `/etc/default/grub'
Generating grub configuration file ...
Found linux image: /boot/vmlinuz-6.11.0-21-generic
Found initrd image: /boot/initrd.img-6.11.0-21-generic
Found linux image: /boot/vmlinuz-6.11.0-19-generic
Found initrd image: /boot/initrd.img-6.11.0-19-generic
Found memtest86+ 64bit EFI image: /boot/memtest86+x64.efi
Warning: os-prober will be executed to detect other bootable partitions.
Its output will be used to detect bootable binaries on them and create new boot entries.
Found Windows Boot Manager on /dev/nvme0n1p1@/EFI/Microsoft/Boot/bootmgfw.efi
Adding boot menu entry for UEFI Firmware Settings ...
done
Setting up apport-core-dump-handler (2.28.1-0ubuntu3.5) ...

Setting up apport (2.28.1-0ubuntu3.5) ...
apport-autoreport.service is a disabled or a static unit not running, not starting it.
Setting up language-pack-en (1:24.04+20250130) ...
Setting up python3-update-manager (1:24.04.9) ...
Setting up language-pack-gnome-en (1:24.04+20250130) ...
Setting up language-pack-en-base (1:24.04+20250130) ...
Generating locales (this might take a while)...
Generation complete.
Setting up python3-distupgrade (1:24.04.26) ...
Setting up ubuntu-release-upgrader-core (1:24.04.26) ...
Setting up update-manager-core (1:24.04.9) ...
Setting up language-pack-gnome-en-base (1:24.04+20250130) ...
Setting up update-notifier-common (3.192.68.1) ...
update-notifier-download.service is a disabled or a static unit not running, not starting it.
update-notifier-motd.service is a disabled or a static unit not running, not starting it.
Processing triggers for libc-bin (2.39-0ubuntu8.4) ...
Processing triggers for man-db (2.12.0-4build2) ...
Processing triggers for cracklib-runtime (2.9.6-5.1build2) ...
Processing triggers for libglib2.0-0t64:amd64 (2.80.0-6ubuntu3.2) ...
Processing triggers for dbus (1.14.10-4ubuntu4.1) ...
Setting up libgtk-3-0t64:amd64 (3.24.41-4ubuntu1.2) ...
Processing triggers for shared-mime-info (2.4-4) ...
Setting up libgtk-4-1:amd64 (4.14.2+ds-1ubuntu2) ...
Setting up libgtk-4-bin (4.14.2+ds-1ubuntu2) ...
Processing triggers for sgml-base (1.31) ...
Setting up gir1.2-gdm-1.0 (46.2-1ubuntu1~24.04.1) ...
Processing triggers for install-info (7.1-3build2) ...
Setting up nautilus (1:46.2-0ubuntu0.3) ...
Setting up gir1.2-gtk-4.0:amd64 (4.14.2+ds-1ubuntu2) ...
Setting up code (1.99.2-1744250061) ...
Processing triggers for fontconfig (2.15.0-1.1ubuntu2) ...
Setting up shotwell (0.32.6-1ubuntu3) ...
Processing triggers for desktop-file-utils (0.27-2build1) ...
Processing triggers for hicolor-icon-theme (0.17-2) ...
Processing triggers for gnome-menus (3.36.0-1.1ubuntu3) ...
Setting up gnome-calendar (46.1-0ubuntu2) ...
Setting up libevdocument3-4t64:amd64 (46.3.1-0ubuntu1) ...
Setting up gir1.2-gtk-3.0:amd64 (3.24.41-4ubuntu1.2) ...
Setting up pkexec (124-2ubuntu1.24.04.2) ...
Setting up libgtk-3-bin (3.24.41-4ubuntu1.2) ...
Setting up network-manager (1.46.0-1ubuntu2.2) ...
Setting up ubuntu-settings (24.04.5) ...
Moving modified /etc/netplan/01-network-manager-all.yaml to .dpkg-backup
Setting up gnome-bluetooth-sendto (46.0-1ubuntu1) ...
Setting up mutter-common-bin (46.2-1ubuntu0.24.04.7) ...
Setting up libgnome-bluetooth-ui-3.0-13:amd64 (46.0-1ubuntu1) ...
Setting up apport-gtk (2.28.1-0ubuntu3.5) ...
Setting up libgtk-4-media-gstreamer (4.14.2+ds-1ubuntu2) ...
Setting up gnome-initial-setup (46.3-1ubuntu3~24.04.1) ...
Setting up packagekit (1.2.8-2ubuntu1.2) ...
Setting up ubuntu-release-upgrader-gtk (1:24.04.26) ...
Setting up policykit-1 (124-2ubuntu1.24.04.2) ...
Setting up packagekit-tools (1.2.8-2ubuntu1.2) ...
Setting up gnome-control-center (1:46.5-0ubuntu0.24.04.1) ...
Setting up libevview3-3t64:amd64 (46.3.1-0ubuntu1) ...
Setting up network-manager-config-connectivity-ubuntu (1.46.0-1ubuntu2.2) ...
Setting up software-properties-common (0.99.49.2) ...
Setting up libmutter-14-0:amd64 (46.2-1ubuntu0.24.04.7) ...
Setting up evince (46.3.1-0ubuntu1) ...
Setting up gstreamer1.0-packagekit (1.2.8-2ubuntu1.2) ...
Setting up gir1.2-mutter-14:amd64 (46.2-1ubuntu0.24.04.7) ...
Setting up software-properties-gtk (0.99.49.2) ...
Setting up gnome-shell (46.0-0ubuntu6~24.04.8) ...
Setting up gnome-shell-extension-appindicator (58-1ubuntu24.04.1) ...
Setting up gdm3 (46.2-1ubuntu1~24.04.1) ...
Installing new version of config file /etc/gdm3/Xsession ...
Setting up gnome-shell-extension-desktop-icons-ng (46+really47.0.9-1ubuntu1) ...
Setting up update-manager (1:24.04.9) ...
Setting up gnome-shell-extension-ubuntu-dock (90ubuntu2) ...
Setting up update-notifier (3.192.68.1) ...
Setting up ubuntu-desktop-minimal (1.539.2) ...
Setting up ubuntu-desktop (1.539.2) ...
Processing triggers for initramfs-tools (0.142ubuntu25.5) ...
update-initramfs: Generating /boot/initrd.img-6.11.0-21-generic
Processing triggers for libc-bin (2.39-0ubuntu8.4) ...
------------------------------------------------------------
[2025-04-12 19:09:51.095363]
COMMAND: sudo apt-get install libpam-oauth
DESCRIPTION: 
STATUS: ❌ FAILED
OUTPUT:
E: Unable to locate package libpam-oauth
------------------------------------------------------------
[2025-04-12 19:10:00.709846]
COMMAND: sudo apt-get update
DESCRIPTION: 
STATUS: ❌ FAILED
OUTPUT:
E: The repository 'https://repo.mongodb.org/apt/ubuntu noble/mongodb-org/6.0 Release' does not have a Release file.
E: The repository 'https://repo.mongodb.org/apt/ubuntu noble/mongodb-org/7.0 Release' does not have a Release file.
------------------------------------------------------------
[2025-04-12 19:10:01.642505]
COMMAND: sudo apt-get upgrade -y
DESCRIPTION: 
STATUS: ✅ SUCCESS
OUTPUT:
Reading package lists...
Building dependency tree...
Reading state information...
Calculating upgrade...
The following packages were automatically installed and are no longer required:
  libllvm17t64 python3-netifaces
Use 'sudo apt autoremove' to remove them.
The following upgrades have been deferred due to phasing:
  ubuntu-drivers-common
0 upgraded, 0 newly installed, 0 to remove and 1 not upgraded.
------------------------------------------------------------
